<?xml version="1.0" encoding="UTF-8"?>
<TestRun id="b18461c0-1feb-46cc-ae34-804bdf41cc8a" name="Weston@THIGH-MASTER 2012-10-19 01:17:18" runUser="Thigh-Master\Weston" xmlns="http://microsoft.com/schemas/VisualStudio/TeamTest/2010">
  <TestSettings name="Local" id="5c5780c2-f12c-40a7-a531-d333c42774f3">
    <Description>These are default test settings for a local test run.</Description>
    <Execution>
      <TestTypeSpecific>
        <UnitTestRunConfig testTypeId="13cdc9d9-ddb5-4fa4-a97d-d965ccfc6d4b">
          <AssemblyResolution>
            <TestDirectory useLoadContext="true" />
          </AssemblyResolution>
        </UnitTestRunConfig>
        <WebTestRunConfiguration testTypeId="4e7599fa-5ecb-43e9-a887-cd63cf72d207">
          <Browser name="Internet Explorer 7.0">
            <Headers>
              <Header name="User-Agent" value="Mozilla/4.0 (compatible; MSIE 7.0; Windows NT 5.1)" />
              <Header name="Accept" value="*/*" />
              <Header name="Accept-Language" value="{{$IEAcceptLanguage}}" />
              <Header name="Accept-Encoding" value="GZIP" />
            </Headers>
          </Browser>
        </WebTestRunConfiguration>
      </TestTypeSpecific>
      <AgentRule name="LocalMachineDefaultRole">
        <DataCollectors>
          <DataCollector uri="datacollector://microsoft/CodeCoverage/1.0" assemblyQualifiedName="Microsoft.VisualStudio.TestTools.CodeCoverage.CoveragePlugIn, Microsoft.VisualStudio.QualityTools.Plugins.CodeCoverage, Version=10.0.0.0, Culture=neutral, PublicKeyToken=b03f5f7f11d50a3a" friendlyName="Code Coverage">
            <Configuration>
              <CodeCoverage xmlns="">
                <Regular>
                  <CodeCoverageItem binaryFile="C:\Users\Weston\Documents\Visual Studio 2010\Projects\PS6\SpreadsheetGUI\bin\Debug\SpreadsheetGUI.exe" pdbFile="C:\Users\Weston\Documents\Visual Studio 2010\Projects\PS6\SpreadsheetGUI\bin\Debug\SpreadsheetGUI.instr.pdb" instrumentInPlace="true" />
                </Regular>
              </CodeCoverage>
            </Configuration>
          </DataCollector>
        </DataCollectors>
      </AgentRule>
    </Execution>
    <Deployment runDeploymentRoot="Weston_THIGH-MASTER 2012-10-19 01_17_18" />
  </TestSettings>
  <Times creation="2012-10-19T01:17:18.7997418-06:00" queuing="2012-10-19T01:17:19.4167771-06:00" start="2012-10-19T01:17:19.4667799-06:00" finish="2012-10-19T01:17:54.0667589-06:00" />
  <ResultSummary outcome="Aborted">
    <Counters total="1" executed="1" error="0" failed="0" timeout="0" aborted="1" inconclusive="0" passedButRunAborted="0" notRunnable="0" notExecuted="0" disconnected="0" warning="0" passed="0" completed="0" inProgress="0" pending="0" />
    <ResultFiles>
      <ResultFile path="THIGH-MASTER\data.coverage" />
    </ResultFiles>
  </ResultSummary>
  <TestDefinitions>
    <UnitTest name="CodedUITestMethod1" storage="c:\users\weston\documents\visual studio 2010\projects\ps6\codeduitest\bin\debug\codeduitest.dll" id="152faad7-080b-7cab-1f47-a8577e18926c">
      <Execution id="bc8ecc45-8f25-43f9-b679-dd82dda2517a" />
      <TestMethod codeBase="C:/Users/Weston/Documents/Visual Studio 2010/Projects/PS6/CodedUITest/bin/Debug/CodedUITest.DLL" adapterTypeName="Microsoft.VisualStudio.TestTools.TestTypes.Unit.UnitTestAdapter, Microsoft.VisualStudio.QualityTools.Tips.UnitTest.Adapter, Version=10.0.0.0, Culture=neutral, PublicKeyToken=b03f5f7f11d50a3a" className="CodedUITest.CodedUITest, CodedUITest, Version=1.0.0.0, Culture=neutral, PublicKeyToken=null" name="CodedUITestMethod1" />
      <Extension>Microsoft.VisualStudio.TestTools.UITesting.CodedUITestAttribute, Microsoft.VisualStudio.QualityTools.CodedUITestFramework, Version=10.0.0.0, Culture=neutral, PublicKeyToken=b03f5f7f11d50a3a</Extension>
    </UnitTest>
  </TestDefinitions>
  <TestLists>
    <TestList name="Results Not in a List" id="8c84fa94-04c1-424b-9868-57a2d4851a1d" />
    <TestList name="All Loaded Results" id="19431567-8539-422a-85d7-44ee4e166bda" />
  </TestLists>
  <TestEntries>
    <TestEntry testId="152faad7-080b-7cab-1f47-a8577e18926c" executionId="bc8ecc45-8f25-43f9-b679-dd82dda2517a" testListId="8c84fa94-04c1-424b-9868-57a2d4851a1d" />
  </TestEntries>
  <Results>
    <UnitTestResult executionId="bc8ecc45-8f25-43f9-b679-dd82dda2517a" testId="152faad7-080b-7cab-1f47-a8577e18926c" testName="CodedUITestMethod1" computerName="THIGH-MASTER" duration="00:00:31.7858181" startTime="2012-10-19T01:17:20.0458130-06:00" endTime="2012-10-19T01:17:51.8316311-06:00" testType="13cdc9d9-ddb5-4fa4-a97d-d965ccfc6d4b" outcome="Aborted" testListId="8c84fa94-04c1-424b-9868-57a2d4851a1d" relativeResultsDirectory="bc8ecc45-8f25-43f9-b679-dd82dda2517a">
      <Output>
        <DebugTrace>E, 5968, 15, 2012/10/19, 01:17:21.284, 225198564643, QTAgent32.exe, LoadLibrary() : Unable to find the resource 37382 from assembly C:\Windows\system32\en-US\ieframe.dll.mui: Error1814
E, 5968, 15, 2012/10/19, 01:17:21.285, 225198567123, QTAgent32.exe, LoadLibrary() : Unable to find the resource 41728 from assembly C:\Windows\system32\en-US\ieframe.dll.mui: Error1814
E, 5968, 15, 2012/10/19, 01:17:21.285, 225198567436, QTAgent32.exe, LoadLibrary() : Unable to find the resource 8131 from assembly C:\Windows\system32\en-US\ieframe.dll.mui: Error1814
E, 5968, 15, 2012/10/19, 01:17:21.285, 225198567713, QTAgent32.exe, LoadLibrary() : Unable to find the resource 8131 from assembly C:\Windows\system32\en-US\ieframe.dll.mui: Error1814
E, 5968, 15, 2012/10/19, 01:17:21.285, 225198568170, QTAgent32.exe, LoadLibrary() : Unable to find the resource 8131 from assembly C:\Windows\system32\en-US\ieframe.dll.mui: Error1814
E, 5968, 15, 2012/10/19, 01:17:21.285, 225198568775, QTAgent32.exe, LoadLibrary() : Unable to find the resource 803 from assembly C:\Windows\system32\en-US\user32.dll.mui: Error1814
W, 5968, 15, 2012/10/19, 01:17:21.580, 225199286633, QTAgent32.exe, &lt;a class=success&gt;Playback - {1} [SUCCESS] SetValueAsEditBox "2" - "[MSAA, VisibleOnly]ControlType='Edit'"  &lt; Set via SendKeys &gt;
\0&lt;/a&gt;
W, 5968, 15, 2012/10/19, 01:17:21.826, 225199884934, QTAgent32.exe, &lt;a class=success&gt;Playback - {2} [SUCCESS] SendKeys "{Enter}" - "[MSAA, VisibleOnly]ControlType='Edit'"
\0&lt;/a&gt;
W, 5968, 15, 2012/10/19, 01:17:22.182, 225200750183, QTAgent32.exe, &lt;a class=success&gt;Playback - {3} [SUCCESS] MouseButtonClick - "[MSAA, VisibleOnly]ControlType='Client'"
\0&lt;/a&gt;
W, 5968, 15, 2012/10/19, 01:17:22.773, 225202187825, QTAgent32.exe, &lt;a class=success&gt;Playback - {4} [SUCCESS] SetValueAsEditBox "string yes" - "[MSAA, VisibleOnly]ControlType='Edit'"  &lt; Set via SendKeys &gt;
\0&lt;/a&gt;
W, 5968, 15, 2012/10/19, 01:17:23.029, 225202811755, QTAgent32.exe, &lt;a class=success&gt;Playback - {5} [SUCCESS] SendKeys "{Enter}" - "[MSAA, VisibleOnly]ControlType='Edit'"
\0&lt;/a&gt;
W, 5968, 15, 2012/10/19, 01:17:23.264, 225203383886, QTAgent32.exe, &lt;a class=success&gt;Playback - {6} [SUCCESS] MouseButtonClick - "[MSAA, VisibleOnly]ControlType='Client'"
\0&lt;/a&gt;
W, 5968, 15, 2012/10/19, 01:17:23.737, 225204531363, QTAgent32.exe, &lt;a class=success&gt;Playback - {7} [SUCCESS] SetValueAsEditBox "=3+4" - "[MSAA, VisibleOnly]ControlType='Edit'"  &lt; Set via SendKeys &gt;
\0&lt;/a&gt;
W, 5968, 15, 2012/10/19, 01:17:23.993, 225205156041, QTAgent32.exe, &lt;a class=success&gt;Playback - {8} [SUCCESS] SendKeys "{Enter}" - "[MSAA, VisibleOnly]ControlType='Edit'"
\0&lt;/a&gt;
W, 5968, 15, 2012/10/19, 01:17:24.236, 225205745871, QTAgent32.exe, &lt;a class=success&gt;Playback - {9} [SUCCESS] MouseButtonClick - "[MSAA, VisibleOnly]ControlType='Client'"
\0&lt;/a&gt;
W, 5968, 15, 2012/10/19, 01:17:24.682, 225206831367, QTAgent32.exe, &lt;a class=success&gt;Playback - {10} [SUCCESS] SetValueAsEditBox "=a1" - "[MSAA, VisibleOnly]ControlType='Edit'"  &lt; Set via SendKeys &gt;
\0&lt;/a&gt;
W, 5968, 15, 2012/10/19, 01:17:24.934, 225207446140, QTAgent32.exe, &lt;a class=success&gt;Playback - {11} [SUCCESS] SendKeys "{Enter}" - "[MSAA, VisibleOnly]ControlType='Edit'"
\0&lt;/a&gt;
W, 5968, 15, 2012/10/19, 01:17:26.567, 225211419738, QTAgent32.exe, Playback - [WARNING] Internal warning: Target element "[MSAA]ControlType='MenuItem' &amp;&amp; Name='Help'" was not found, so all intermediate elements were ignored. An incorrect element that matches target element Id can be found as the result.  Verify that all intermediate elements in QueryId have valid and unique Ids
\0
W, 5968, 15, 2012/10/19, 01:17:27.114, 225212750110, QTAgent32.exe, Playback - [WARNING] Internal warning: 2 UI elements have the same ElementIds.  Use "Instance = 'n'" to avoid this warning for: [MSAA, VisibleOnly]ControlType='MenuBar'
\0
W, 5968, 15, 2012/10/19, 01:17:27.150, 225212837756, QTAgent32.exe, PERF WARNING: FindAllDescendents: took 2100 ms. Expected it to take maximum 500 ms.
W, 5968, 15, 2012/10/19, 01:17:27.286, 225213169602, QTAgent32.exe, &lt;a class=success&gt;Playback - {12} [SUCCESS] MouseButtonClick - "[MSAA]ControlType='MenuItem' &amp;&amp; Name='Help'"
\0&lt;/a&gt;
W, 5968, 15, 2012/10/19, 01:17:27.533, 225213770483, QTAgent32.exe, &lt;a class=success&gt;Playback - {13} [SUCCESS] MouseButtonClick - "[MSAA, VisibleOnly]ControlType='Button' &amp;&amp; Name='OK'"
\0&lt;/a&gt;
W, 5968, 15, 2012/10/19, 01:17:27.637, 225214024074, QTAgent32.exe, FindScreenElementInSinglePass : Attempting to find control in one pass of search. Failures can occur.
W, 5968, 15, 2012/10/19, 01:17:28.656, 225216502748, QTAgent32.exe, Playback - [WARNING] Internal warning:Search failure: [MSAA, VisibleOnly]ControlType='MenuBar' | [MSAA]ControlType='MenuItem' &amp;&amp; Name='File' | Performed (2) search retries, UI element not found
\0
E, 5968, 15, 2012/10/19, 01:17:28.656, 225216503311, QTAgent32.exe, &lt;a class=failure&gt;Playback - {14} [FAILED] Function ElementFetcher::FindScreenElement failed to locate UI element (Searching: ;[MSAA, VisibleOnly]ControlType='MenuBar';[MSAA]ControlType='MenuItem' &amp;&amp; Name='File';[MSAA]ControlType='MenuItem' &amp;&amp; Name='New') (The object specified was not found.)
\0&lt;/a&gt;
E, 5968, 15, 2012/10/19, 01:17:28.749, 225216730096, QTAgent32.exe, Playback - [IMAGE] C:\Users\Weston\AppData\Local\Temp\UITestLogs\LastRun\RPF2190.png
\0
W, 5968, 15, 2012/10/19, 01:17:28.749, 225216730549, QTAgent32.exe, Playback - [WARNING] Internal warning: Couldn't find descendants that match QueryId
\0
W, 5968, 15, 2012/10/19, 01:17:28.750, 225216731166, QTAgent32.exe, PERF WARNING: FindAllDescendents: took 1106 ms. Expected it to take maximum 500 ms.
W, 5968, 15, 2012/10/19, 01:17:28.750, 225216731497, QTAgent32.exe, FindScreenElementInSinglePass : Attempting to find control in one pass of search. Failures can occur.
W, 5968, 15, 2012/10/19, 01:17:28.758, 225216752930, QTAgent32.exe, FindScreenElementInSinglePass : Attempting to find control in one pass of search. Failures can occur.
W, 5968, 15, 2012/10/19, 01:17:29.271, 225218000603, QTAgent32.exe, Playback - [WARNING] Internal warning: Target element "[MSAA]ControlType='MenuItem' &amp;&amp; Name='File'" was not found, so all intermediate elements were ignored. An incorrect element that matches target element Id can be found as the result.  Verify that all intermediate elements in QueryId have valid and unique Ids
\0
W, 5968, 15, 2012/10/19, 01:17:30.781, 225221675098, QTAgent32.exe, Playback - [WARNING] Internal warning:Search failure: [MSAA]ControlType='MenuItem' &amp;&amp; Name='File' | Performed (2) search retries, UI element not found
\0
E, 5968, 15, 2012/10/19, 01:17:30.781, 225221675495, QTAgent32.exe, &lt;a class=failure&gt;Playback - {15} [FAILED] Function ElementFetcher::FindScreenElement failed to locate UI element (Searching: ;[MSAA]ControlType='MenuItem' &amp;&amp; Name='File') (The object specified was not found.)
\0&lt;/a&gt;
E, 5968, 15, 2012/10/19, 01:17:30.878, 225221910969, QTAgent32.exe, Playback - [IMAGE] C:\Users\Weston\AppData\Local\Temp\UITestLogs\LastRun\RPF29DB.png
\0
W, 5968, 15, 2012/10/19, 01:17:30.878, 225221911394, QTAgent32.exe, Playback - [WARNING] Internal warning: Couldn't find descendants that match QueryId
\0
W, 5968, 15, 2012/10/19, 01:17:30.878, 225221911897, QTAgent32.exe, PERF WARNING: FindAllDescendents: took 2115 ms. Expected it to take maximum 500 ms.
W, 5968, 15, 2012/10/19, 01:17:32.400, 225225614563, QTAgent32.exe, Playback - [WARNING] Internal warning: Target element "[MSAA]ControlType='MenuItem' &amp;&amp; Name='File'" was not found, so all intermediate elements were ignored. An incorrect element that matches target element Id can be found as the result.  Verify that all intermediate elements in QueryId have valid and unique Ids
\0
W, 5968, 15, 2012/10/19, 01:17:32.942, 225226933521, QTAgent32.exe, Playback - [WARNING] Internal warning: 2 UI elements have the same ElementIds.  Use "Instance = 'n'" to avoid this warning for: [MSAA, VisibleOnly]ControlType='MenuBar'
\0
W, 5968, 15, 2012/10/19, 01:17:32.976, 225227017349, QTAgent32.exe, PERF WARNING: FindAllDescendents: took 2093 ms. Expected it to take maximum 500 ms.
W, 5968, 15, 2012/10/19, 01:17:33.116, 225227357887, QTAgent32.exe, &lt;a class=success&gt;Playback - {16} [SUCCESS] LeftButtonClick  &lt; Mouse cursor location (160, 193) &gt;
\0&lt;/a&gt;
W, 5968, 15, 2012/10/19, 01:17:33.228, 225227630119, QTAgent32.exe, &lt;a class=success&gt;Playback - {17} [SUCCESS] LeftButtonClick - "[MSAA]ControlType='MenuItem' &amp;&amp; Name='File'"  &lt; Mouse cursor location (182, 193) &gt;
\0&lt;/a&gt;
W, 5968, 15, 2012/10/19, 01:17:33.414, 225228082298, QTAgent32.exe, &lt;a class=success&gt;Playback - {18} [SUCCESS] MouseButtonClick - "[MSAA]ControlType='MenuItem' &amp;&amp; Name='New'"
\0&lt;/a&gt;
W, 5968, 15, 2012/10/19, 01:17:33.526, 225228355749, QTAgent32.exe, FindNTopWindows : Search will be continued for 12000 even on failure
W, 5968, 15, 2012/10/19, 01:17:33.589, 225228509482, QTAgent32.exe, FindScreenElementInSinglePass : Attempting to find control in one pass of search. Failures can occur.
W, 5968, 15, 2012/10/19, 01:17:34.610, 225230992632, QTAgent32.exe, Playback - [WARNING] Internal warning:Search failure: [MSAA, VisibleOnly]ControlType='MenuBar' | [MSAA]ControlType='MenuItem' &amp;&amp; Name='File' | Performed (2) search retries, UI element not found
\0
E, 5968, 15, 2012/10/19, 01:17:34.610, 225230993171, QTAgent32.exe, &lt;a class=failure&gt;Playback - {19} [FAILED] Function ElementFetcher::FindScreenElement failed to locate UI element (Searching: ;[MSAA, VisibleOnly]ControlType='MenuBar';[MSAA]ControlType='MenuItem' &amp;&amp; Name='File';[MSAA]ControlType='MenuItem' &amp;&amp; Name='Close') (The object specified was not found.)
\0&lt;/a&gt;
E, 5968, 15, 2012/10/19, 01:17:34.709, 225231234367, QTAgent32.exe, Playback - [IMAGE] C:\Users\Weston\AppData\Local\Temp\UITestLogs\LastRun\RPF38D9.png
\0
W, 5968, 15, 2012/10/19, 01:17:34.709, 225231234802, QTAgent32.exe, Playback - [WARNING] Internal warning: Couldn't find descendants that match QueryId
\0
W, 5968, 15, 2012/10/19, 01:17:34.709, 225231235296, QTAgent32.exe, PERF WARNING: FindAllDescendents: took 1111 ms. Expected it to take maximum 500 ms.
W, 5968, 15, 2012/10/19, 01:17:34.710, 225231235615, QTAgent32.exe, FindScreenElementInSinglePass : Attempting to find control in one pass of search. Failures can occur.
W, 5968, 15, 2012/10/19, 01:17:34.718, 225231256794, QTAgent32.exe, FindScreenElementInSinglePass : Attempting to find control in one pass of search. Failures can occur.
W, 5968, 15, 2012/10/19, 01:17:35.231, 225232504445, QTAgent32.exe, Playback - [WARNING] Internal warning: Target element "[MSAA]ControlType='MenuItem' &amp;&amp; Name='File'" was not found, so all intermediate elements were ignored. An incorrect element that matches target element Id can be found as the result.  Verify that all intermediate elements in QueryId have valid and unique Ids
\0
W, 5968, 15, 2012/10/19, 01:17:36.741, 225236179685, QTAgent32.exe, Playback - [WARNING] Internal warning:Search failure: [MSAA]ControlType='MenuItem' &amp;&amp; Name='File' | Performed (2) search retries, UI element not found
\0
E, 5968, 15, 2012/10/19, 01:17:36.741, 225236180089, QTAgent32.exe, &lt;a class=failure&gt;Playback - {20} [FAILED] Function ElementFetcher::FindScreenElement failed to locate UI element (Searching: ;[MSAA]ControlType='MenuItem' &amp;&amp; Name='File') (The object specified was not found.)
\0&lt;/a&gt;
E, 5968, 15, 2012/10/19, 01:17:36.839, 225236419246, QTAgent32.exe, Playback - [IMAGE] C:\Users\Weston\AppData\Local\Temp\UITestLogs\LastRun\RPF4124.png
\0
W, 5968, 15, 2012/10/19, 01:17:36.840, 225236419661, QTAgent32.exe, Playback - [WARNING] Internal warning: Couldn't find descendants that match QueryId
\0
W, 5968, 15, 2012/10/19, 01:17:36.840, 225236420193, QTAgent32.exe, PERF WARNING: FindAllDescendents: took 2117 ms. Expected it to take maximum 500 ms.
W, 5968, 15, 2012/10/19, 01:17:38.363, 225240126702, QTAgent32.exe, Playback - [WARNING] Internal warning: Target element "[MSAA]ControlType='MenuItem' &amp;&amp; Name='File'" was not found, so all intermediate elements were ignored. An incorrect element that matches target element Id can be found as the result.  Verify that all intermediate elements in QueryId have valid and unique Ids
\0
W, 5968, 15, 2012/10/19, 01:17:38.907, 225241450288, QTAgent32.exe, Playback - [WARNING] Internal warning: 2 UI elements have the same ElementIds.  Use "Instance = 'n'" to avoid this warning for: [MSAA, VisibleOnly]ControlType='MenuBar'
\0
W, 5968, 15, 2012/10/19, 01:17:38.942, 225241534913, QTAgent32.exe, PERF WARNING: FindAllDescendents: took 2096 ms. Expected it to take maximum 500 ms.
W, 5968, 15, 2012/10/19, 01:17:39.072, 225241852150, QTAgent32.exe, &lt;a class=success&gt;Playback - {21} [SUCCESS] LeftButtonClick  &lt; Mouse cursor location (185, 218) &gt;
\0&lt;/a&gt;
W, 5968, 15, 2012/10/19, 01:17:39.186, 225242129724, QTAgent32.exe, &lt;a class=success&gt;Playback - {22} [SUCCESS] LeftButtonClick - "[MSAA]ControlType='MenuItem' &amp;&amp; Name='File'"  &lt; Mouse cursor location (207, 218) &gt;
\0&lt;/a&gt;
W, 5968, 15, 2012/10/19, 01:17:39.377, 225242594164, QTAgent32.exe, &lt;a class=success&gt;Playback - {23} [SUCCESS] MouseButtonClick - "[MSAA]ControlType='MenuItem' &amp;&amp; Name='Close'"
\0&lt;/a&gt;
W, 5968, 15, 2012/10/19, 01:17:39.477, 225242837897, QTAgent32.exe, FindScreenElementInSinglePass : Attempting to find control in one pass of search. Failures can occur.
W, 5968, 15, 2012/10/19, 01:17:40.499, 225245324266, QTAgent32.exe, Playback - [WARNING] Internal warning:Search failure: [MSAA, VisibleOnly]ControlType='MenuBar' | [MSAA]ControlType='MenuItem' &amp;&amp; Name='File' | Performed (2) search retries, UI element not found
\0
E, 5968, 15, 2012/10/19, 01:17:40.499, 225245324798, QTAgent32.exe, &lt;a class=failure&gt;Playback - {24} [FAILED] Function ElementFetcher::FindScreenElement failed to locate UI element (Searching: ;[MSAA, VisibleOnly]ControlType='MenuBar';[MSAA]ControlType='MenuItem' &amp;&amp; Name='File';[MSAA]ControlType='MenuItem' &amp;&amp; Name='Close') (The object specified was not found.)
\0&lt;/a&gt;
E, 5968, 15, 2012/10/19, 01:17:40.600, 225245571790, QTAgent32.exe, Playback - [IMAGE] C:\Users\Weston\AppData\Local\Temp\UITestLogs\LastRun\RPF4FD5.png
\0
W, 5968, 15, 2012/10/19, 01:17:40.601, 225245572206, QTAgent32.exe, Playback - [WARNING] Internal warning: Couldn't find descendants that match QueryId
\0
W, 5968, 15, 2012/10/19, 01:17:40.601, 225245572710, QTAgent32.exe, PERF WARNING: FindAllDescendents: took 1113 ms. Expected it to take maximum 500 ms.
W, 5968, 15, 2012/10/19, 01:17:40.601, 225245573015, QTAgent32.exe, FindScreenElementInSinglePass : Attempting to find control in one pass of search. Failures can occur.
W, 5968, 15, 2012/10/19, 01:17:40.610, 225245594508, QTAgent32.exe, FindScreenElementInSinglePass : Attempting to find control in one pass of search. Failures can occur.
W, 5968, 15, 2012/10/19, 01:17:41.123, 225246840587, QTAgent32.exe, Playback - [WARNING] Internal warning: Target element "[MSAA]ControlType='MenuItem' &amp;&amp; Name='File'" was not found, so all intermediate elements were ignored. An incorrect element that matches target element Id can be found as the result.  Verify that all intermediate elements in QueryId have valid and unique Ids
\0
W, 5968, 15, 2012/10/19, 01:17:42.633, 225250515696, QTAgent32.exe, Playback - [WARNING] Internal warning:Search failure: [MSAA]ControlType='MenuItem' &amp;&amp; Name='File' | Performed (2) search retries, UI element not found
\0
E, 5968, 15, 2012/10/19, 01:17:42.633, 225250516115, QTAgent32.exe, &lt;a class=failure&gt;Playback - {25} [FAILED] Function ElementFetcher::FindScreenElement failed to locate UI element (Searching: ;[MSAA]ControlType='MenuItem' &amp;&amp; Name='File') (The object specified was not found.)
\0&lt;/a&gt;
E, 5968, 15, 2012/10/19, 01:17:42.733, 225250759520, QTAgent32.exe, Playback - [IMAGE] C:\Users\Weston\AppData\Local\Temp\UITestLogs\LastRun\RPF582F.png
\0
W, 5968, 15, 2012/10/19, 01:17:42.733, 225250759949, QTAgent32.exe, Playback - [WARNING] Internal warning: Couldn't find descendants that match QueryId
\0
W, 5968, 15, 2012/10/19, 01:17:42.733, 225250760470, QTAgent32.exe, PERF WARNING: FindAllDescendents: took 2118 ms. Expected it to take maximum 500 ms.
W, 5968, 15, 2012/10/19, 01:17:44.256, 225254465617, QTAgent32.exe, Playback - [WARNING] Internal warning: Target element "[MSAA]ControlType='MenuItem' &amp;&amp; Name='File'" was not found, so all intermediate elements were ignored. An incorrect element that matches target element Id can be found as the result.  Verify that all intermediate elements in QueryId have valid and unique Ids
\0
W, 5968, 15, 2012/10/19, 01:17:44.799, 225255787806, QTAgent32.exe, Playback - [WARNING] Internal warning: 2 UI elements have the same ElementIds.  Use "Instance = 'n'" to avoid this warning for: [MSAA, VisibleOnly]ControlType='MenuBar'
\0
W, 5968, 15, 2012/10/19, 01:17:44.834, 225255873682, QTAgent32.exe, PERF WARNING: FindAllDescendents: took 2095 ms. Expected it to take maximum 500 ms.
W, 5968, 15, 2012/10/19, 01:17:44.969, 225256201611, QTAgent32.exe, &lt;a class=success&gt;Playback - {26} [SUCCESS] LeftButtonClick  &lt; Mouse cursor location (160, 193) &gt;
\0&lt;/a&gt;
W, 5968, 15, 2012/10/19, 01:17:45.082, 225256476322, QTAgent32.exe, &lt;a class=success&gt;Playback - {27} [SUCCESS] LeftButtonClick - "[MSAA]ControlType='MenuItem' &amp;&amp; Name='File'"  &lt; Mouse cursor location (182, 193) &gt;
\0&lt;/a&gt;
W, 5968, 15, 2012/10/19, 01:17:45.270, 225256933502, QTAgent32.exe, &lt;a class=success&gt;Playback - {28} [SUCCESS] MouseButtonClick - "[MSAA]ControlType='MenuItem' &amp;&amp; Name='Close'"
\0&lt;/a&gt;
W, 5968, 15, 2012/10/19, 01:17:45.502, 225257497838, QTAgent32.exe, &lt;a class=success&gt;Playback - {29} [SUCCESS] MouseButtonClick - "[MSAA, VisibleOnly]ControlType='Button' &amp;&amp; Name='No'"
\0&lt;/a&gt;
W, 5968, 15, 2012/10/19, 01:17:47.136, 225261474147, QTAgent32.exe, Playback - [WARNING] Internal warning: Target element "[MSAA]ControlType='MenuItem' &amp;&amp; Name='File'" was not found, so all intermediate elements were ignored. An incorrect element that matches target element Id can be found as the result.  Verify that all intermediate elements in QueryId have valid and unique Ids
\0
W, 5968, 15, 2012/10/19, 01:17:47.678, 225262793905, QTAgent32.exe, Playback - [WARNING] Internal warning: 2 UI elements have the same ElementIds.  Use "Instance = 'n'" to avoid this warning for: [MSAA, VisibleOnly]ControlType='MenuBar'
\0
W, 5968, 15, 2012/10/19, 01:17:47.718, 225262890948, QTAgent32.exe, PERF WARNING: FindAllDescendents: took 2100 ms. Expected it to take maximum 500 ms.
W, 5968, 15, 2012/10/19, 01:17:47.872, 225263265905, QTAgent32.exe, &lt;a class=success&gt;Playback - {30} [SUCCESS] MouseButtonClick - "[MSAA]ControlType='MenuItem' &amp;&amp; Name='File'"
\0&lt;/a&gt;
W, 5968, 15, 2012/10/19, 01:17:47.978, 225263524391, QTAgent32.exe, FindScreenElementInSinglePass : Attempting to find control in one pass of search. Failures can occur.
W, 5968, 15, 2012/10/19, 01:17:48.995, 225265998059, QTAgent32.exe, Playback - [WARNING] Internal warning:Search failure: [MSAA, VisibleOnly]ControlType='MenuBar' | [MSAA]ControlType='MenuItem' &amp;&amp; Name='File' | Performed (2) search retries, UI element not found
\0
E, 5968, 15, 2012/10/19, 01:17:48.995, 225265998576, QTAgent32.exe, &lt;a class=failure&gt;Playback - {31} [FAILED] Function ElementFetcher::FindScreenElement failed to locate UI element (Searching: ;[MSAA, VisibleOnly]ControlType='MenuBar';[MSAA]ControlType='MenuItem' &amp;&amp; Name='File';[MSAA]ControlType='MenuItem' &amp;&amp; Name='Open') (The object specified was not found.)
\0&lt;/a&gt;
E, 5968, 15, 2012/10/19, 01:17:49.093, 225266236883, QTAgent32.exe, Playback - [IMAGE] C:\Users\Weston\AppData\Local\Temp\UITestLogs\LastRun\RPF710D.png
\0
W, 5968, 15, 2012/10/19, 01:17:49.093, 225266237331, QTAgent32.exe, Playback - [WARNING] Internal warning: Couldn't find descendants that match QueryId
\0
W, 5968, 15, 2012/10/19, 01:17:49.093, 225266237820, QTAgent32.exe, PERF WARNING: FindAllDescendents: took 1110 ms. Expected it to take maximum 500 ms.
W, 5968, 15, 2012/10/19, 01:17:49.093, 225266238144, QTAgent32.exe, FindScreenElementInSinglePass : Attempting to find control in one pass of search. Failures can occur.
W, 5968, 15, 2012/10/19, 01:17:49.102, 225266258999, QTAgent32.exe, FindScreenElementInSinglePass : Attempting to find control in one pass of search. Failures can occur.
W, 5968, 15, 2012/10/19, 01:17:49.614, 225267504990, QTAgent32.exe, Playback - [WARNING] Internal warning: Target element "[MSAA]ControlType='MenuItem' &amp;&amp; Name='File'" was not found, so all intermediate elements were ignored. An incorrect element that matches target element Id can be found as the result.  Verify that all intermediate elements in QueryId have valid and unique Ids
\0
W, 5968, 15, 2012/10/19, 01:17:51.119, 225271167709, QTAgent32.exe, Playback - [WARNING] Internal warning: Thread state based WFR - Requested element has invalid HWND
\0
W, 5968, 15, 2012/10/19, 01:17:51.119, 225271167921, QTAgent32.exe, Playback - [WARNING] Internal warning: process performance counters based WFR - Requested element has invalid HWND
\0
W, 5968, 15, 2012/10/19, 01:17:51.119, 225271168063, QTAgent32.exe, Playback - [WARNING] Internal warning:Search failure: [MSAA]ControlType='MenuItem' &amp;&amp; Name='File' | Performed (2) search retries, UI element not found
\0
E, 5968, 15, 2012/10/19, 01:17:51.119, 225271168285, QTAgent32.exe, &lt;a class=failure&gt;Playback - {32} [FAILED] Function ElementFetcher::FindScreenElement failed to locate UI element (Searching: ;[MSAA]ControlType='MenuItem' &amp;&amp; Name='File') (The object specified was not found.)
\0&lt;/a&gt;
E, 5968, 15, 2012/10/19, 01:17:51.220, 225271413785, QTAgent32.exe, Playback - [IMAGE] C:\Users\Weston\AppData\Local\Temp\UITestLogs\LastRun\RPF7957.png
\0
W, 5968, 15, 2012/10/19, 01:17:51.220, 225271414182, QTAgent32.exe, Playback - [WARNING] Internal warning: Couldn't find descendants that match QueryId
\0
W, 5968, 15, 2012/10/19, 01:17:51.220, 225271414654, QTAgent32.exe, PERF WARNING: FindAllDescendents: took 2114 ms. Expected it to take maximum 500 ms.
W, 5968, 15, 2012/10/19, 01:17:51.222, 225271417672, QTAgent32.exe, Msaa:WindowHandleGetter: Using WindowFromPoint since WindowFromAccessibleObject returned invalid handle [0]
E, 5968, 15, 2012/10/19, 01:17:51.224, 225271423758, QTAgent32.exe, Exception: System.Runtime.InteropServices.COMException
	Message: The RPC server is unavailable. (Exception from HRESULT: 0x800706BA)
	Stack Trace:    at Accessibility.IAccessible.accLocation(Int32&amp; pxLeft, Int32&amp; pyTop, Int32&amp; pcxWidth, Int32&amp; pcyHeight, Object varChild)
   at Microsoft.VisualStudio.TestTools.UITest.Extension.Msaa.AccWrapper.GetBoundingRectangle()
	BaseExceptionMessage: The RPC server is unavailable. (Exception from HRESULT: 0x800706BA)

E, 5968, 15, 2012/10/19, 01:17:51.224, 225271424608, QTAgent32.exe, Msaa:WindowHandleGetter: Got invalid window handle [0] even after using WindowFromPoint
E, 5968, 15, 2012/10/19, 01:17:51.225, 225271425281, QTAgent32.exe, Exception: System.Runtime.InteropServices.COMException
	Message: The RPC server is unavailable. (Exception from HRESULT: 0x800706BA)
	Stack Trace:    at Accessibility.IAccessible.get_accRole(Object varChild)
   at Microsoft.VisualStudio.TestTools.UITest.Extension.Msaa.AccWrapper.get_RoleInt()
	BaseExceptionMessage: The RPC server is unavailable. (Exception from HRESULT: 0x800706BA)

W, 5968, 15, 2012/10/19, 01:17:51.225, 225271426562, QTAgent32.exe, Msaa.GetProcessID: Window handle is IntPtr.Zero. Process ID will be 0
W, 5968, 15, 2012/10/19, 01:17:51.226, 225271429329, QTAgent32.exe, Msaa:WindowHandleGetter: Using WindowFromPoint since WindowFromAccessibleObject returned invalid handle [0]
E, 5968, 15, 2012/10/19, 01:17:51.227, 225271429887, QTAgent32.exe, Exception: System.Runtime.InteropServices.COMException
	Message: The RPC server is unavailable. (Exception from HRESULT: 0x800706BA)
	Stack Trace:    at Accessibility.IAccessible.accLocation(Int32&amp; pxLeft, Int32&amp; pyTop, Int32&amp; pcxWidth, Int32&amp; pcyHeight, Object varChild)
   at Microsoft.VisualStudio.TestTools.UITest.Extension.Msaa.AccWrapper.GetBoundingRectangle()
	BaseExceptionMessage: The RPC server is unavailable. (Exception from HRESULT: 0x800706BA)

E, 5968, 15, 2012/10/19, 01:17:51.227, 225271430062, QTAgent32.exe, Msaa:WindowHandleGetter: Got invalid window handle [0] even after using WindowFromPoint
E, 5968, 15, 2012/10/19, 01:17:51.227, 225271430584, QTAgent32.exe, Exception: System.Runtime.InteropServices.COMException
	Message: The RPC server is unavailable. (Exception from HRESULT: 0x800706BA)
	Stack Trace:    at Accessibility.IAccessible.get_accRole(Object varChild)
   at Microsoft.VisualStudio.TestTools.UITest.Extension.Msaa.AccWrapper.get_RoleInt()
	BaseExceptionMessage: The RPC server is unavailable. (Exception from HRESULT: 0x800706BA)

W, 5968, 15, 2012/10/19, 01:17:51.227, 225271430714, QTAgent32.exe, Msaa.GetProcessID: Window handle is IntPtr.Zero. Process ID will be 0
W, 5968, 15, 2012/10/19, 01:17:51.228, 225271432482, QTAgent32.exe, Playback - [WARNING] Internal warning: Thread state based WFR - Requested element has invalid HWND
\0
W, 5968, 15, 2012/10/19, 01:17:51.228, 225271432615, QTAgent32.exe, Playback - [WARNING] Internal warning: process performance counters based WFR - Requested element has invalid HWND
\0
</DebugTrace>
        <ErrorInfo>
          <Message>User aborted test run.</Message>
        </ErrorInfo>
      </Output>
      <ResultFiles>
        <ResultFile path="THIGH-MASTER\CodedUITestMethod1.png" />
      </ResultFiles>
    </UnitTestResult>
  </Results>
</TestRun>