<?xml version="1.0" encoding="UTF-8"?>
<TestRun id="c6a79811-262f-429d-8259-b49d55b41b4c" name="Weston@THIGH-MASTER 2012-10-18 23:47:41" runUser="Thigh-Master\Weston" xmlns="http://microsoft.com/schemas/VisualStudio/TeamTest/2010">
  <TestSettings name="Local" id="5c5780c2-f12c-40a7-a531-d333c42774f3">
    <Description>These are default test settings for a local test run.</Description>
    <Deployment userDeploymentRoot="C:\Users\Weston\Documents\Visual Studio 2010\Projects\PS6\TestResults" useDefaultDeploymentRoot="false" runDeploymentRoot="Weston_THIGH-MASTER 2012-10-18 23_47_41" />
    <Execution>
      <TestTypeSpecific>
        <UnitTestRunConfig testTypeId="13cdc9d9-ddb5-4fa4-a97d-d965ccfc6d4b">
          <AssemblyResolution>
            <TestDirectory useLoadContext="true" />
          </AssemblyResolution>
        </UnitTestRunConfig>
        <WebTestRunConfiguration testTypeId="4e7599fa-5ecb-43e9-a887-cd63cf72d207">
          <Browser name="Internet Explorer 7.0">
            <Headers>
              <Header name="User-Agent" value="Mozilla/4.0 (compatible; MSIE 7.0; Windows NT 5.1)" />
              <Header name="Accept" value="*/*" />
              <Header name="Accept-Language" value="{{$IEAcceptLanguage}}" />
              <Header name="Accept-Encoding" value="GZIP" />
            </Headers>
          </Browser>
        </WebTestRunConfiguration>
      </TestTypeSpecific>
      <AgentRule name="LocalMachineDefaultRole">
      </AgentRule>
    </Execution>
  </TestSettings>
  <Times creation="2012-10-18T23:47:41.8581983-06:00" queuing="2012-10-18T23:47:41.9922060-06:00" start="2012-10-18T23:47:42.0072068-06:00" finish="2012-10-18T23:49:01.7357670-06:00" />
  <ResultSummary outcome="Completed">
    <Counters total="1" executed="1" passed="1" error="0" failed="0" timeout="0" aborted="0" inconclusive="0" passedButRunAborted="0" notRunnable="0" notExecuted="0" disconnected="0" warning="0" completed="0" inProgress="0" pending="0" />
  </ResultSummary>
  <TestDefinitions>
    <UnitTest name="CodedUITestMethod1" storage="c:\users\weston\documents\visual studio 2010\projects\ps6\codeduitest\bin\debug\codeduitest.dll" id="152faad7-080b-7cab-1f47-a8577e18926c">
      <Execution id="b730c1b7-e1d8-4fb9-9af2-7d8f48668bed" />
      <TestMethod codeBase="C:/Users/Weston/Documents/Visual Studio 2010/Projects/PS6/CodedUITest/bin/Debug/CodedUITest.DLL" adapterTypeName="Microsoft.VisualStudio.TestTools.TestTypes.Unit.UnitTestAdapter, Microsoft.VisualStudio.QualityTools.Tips.UnitTest.Adapter, Version=10.0.0.0, Culture=neutral, PublicKeyToken=b03f5f7f11d50a3a" className="CodedUITest.CodedUITest, CodedUITest, Version=1.0.0.0, Culture=neutral, PublicKeyToken=null" name="CodedUITestMethod1" />
      <Extension>Microsoft.VisualStudio.TestTools.UITesting.CodedUITestAttribute, Microsoft.VisualStudio.QualityTools.CodedUITestFramework, Version=10.0.0.0, Culture=neutral, PublicKeyToken=b03f5f7f11d50a3a</Extension>
    </UnitTest>
  </TestDefinitions>
  <TestLists>
    <TestList name="Results Not in a List" id="8c84fa94-04c1-424b-9868-57a2d4851a1d" />
    <TestList name="All Loaded Results" id="19431567-8539-422a-85d7-44ee4e166bda" />
  </TestLists>
  <TestEntries>
    <TestEntry testId="152faad7-080b-7cab-1f47-a8577e18926c" executionId="b730c1b7-e1d8-4fb9-9af2-7d8f48668bed" testListId="8c84fa94-04c1-424b-9868-57a2d4851a1d" />
  </TestEntries>
  <Results>
    <UnitTestResult executionId="b730c1b7-e1d8-4fb9-9af2-7d8f48668bed" testId="152faad7-080b-7cab-1f47-a8577e18926c" testName="CodedUITestMethod1" computerName="THIGH-MASTER" duration="00:01:19.4816073" startTime="2012-10-18T23:47:42.0072068-06:00" endTime="2012-10-18T23:49:01.7117657-06:00" testType="13cdc9d9-ddb5-4fa4-a97d-d965ccfc6d4b" outcome="Passed" testListId="8c84fa94-04c1-424b-9868-57a2d4851a1d" relativeResultsDirectory="b730c1b7-e1d8-4fb9-9af2-7d8f48668bed">
      <Output>
        <DebugTrace>E, 5496, 29, 2012/10/18, 23:47:43.147, 212110855938, QTAgent32.exe, LoadLibrary() : Unable to find the resource 37382 from assembly C:\Windows\system32\en-US\ieframe.dll.mui: Error1814
E, 5496, 29, 2012/10/18, 23:47:43.148, 212110858314, QTAgent32.exe, LoadLibrary() : Unable to find the resource 41728 from assembly C:\Windows\system32\en-US\ieframe.dll.mui: Error1814
E, 5496, 29, 2012/10/18, 23:47:43.148, 212110858625, QTAgent32.exe, LoadLibrary() : Unable to find the resource 8131 from assembly C:\Windows\system32\en-US\ieframe.dll.mui: Error1814
E, 5496, 29, 2012/10/18, 23:47:43.148, 212110858903, QTAgent32.exe, LoadLibrary() : Unable to find the resource 8131 from assembly C:\Windows\system32\en-US\ieframe.dll.mui: Error1814
E, 5496, 29, 2012/10/18, 23:47:43.148, 212110859358, QTAgent32.exe, LoadLibrary() : Unable to find the resource 8131 from assembly C:\Windows\system32\en-US\ieframe.dll.mui: Error1814
E, 5496, 29, 2012/10/18, 23:47:43.148, 212110859965, QTAgent32.exe, LoadLibrary() : Unable to find the resource 803 from assembly C:\Windows\system32\en-US\user32.dll.mui: Error1814
W, 5496, 29, 2012/10/18, 23:47:43.447, 212111588269, QTAgent32.exe, &lt;a class=success&gt;Playback - {1} [SUCCESS] SetValueAsEditBox "2" - "[MSAA, VisibleOnly]ControlType='Edit'"  &lt; Set via SendKeys &gt;
\0&lt;/a&gt;
W, 5496, 29, 2012/10/18, 23:47:43.700, 212112202733, QTAgent32.exe, &lt;a class=success&gt;Playback - {2} [SUCCESS] SendKeys "{Enter}" - "[MSAA, VisibleOnly]ControlType='Edit'"
\0&lt;/a&gt;
W, 5496, 29, 2012/10/18, 23:47:44.048, 212113049382, QTAgent32.exe, &lt;a class=success&gt;Playback - {3} [SUCCESS] MouseButtonClick - "[MSAA, VisibleOnly]ControlType='Client'"
\0&lt;/a&gt;
W, 5496, 29, 2012/10/18, 23:47:44.644, 212114499057, QTAgent32.exe, &lt;a class=success&gt;Playback - {4} [SUCCESS] SetValueAsEditBox "string yes" - "[MSAA, VisibleOnly]ControlType='Edit'"  &lt; Set via SendKeys &gt;
\0&lt;/a&gt;
W, 5496, 29, 2012/10/18, 23:47:44.898, 212115118276, QTAgent32.exe, &lt;a class=success&gt;Playback - {5} [SUCCESS] SendKeys "{Enter}" - "[MSAA, VisibleOnly]ControlType='Edit'"
\0&lt;/a&gt;
W, 5496, 29, 2012/10/18, 23:47:45.133, 212115690572, QTAgent32.exe, &lt;a class=success&gt;Playback - {6} [SUCCESS] MouseButtonClick - "[MSAA, VisibleOnly]ControlType='Client'"
\0&lt;/a&gt;
W, 5496, 29, 2012/10/18, 23:47:45.600, 212116825787, QTAgent32.exe, &lt;a class=success&gt;Playback - {7} [SUCCESS] SetValueAsEditBox "=3+4" - "[MSAA, VisibleOnly]ControlType='Edit'"  &lt; Set via SendKeys &gt;
\0&lt;/a&gt;
W, 5496, 29, 2012/10/18, 23:47:45.856, 212117450036, QTAgent32.exe, &lt;a class=success&gt;Playback - {8} [SUCCESS] SendKeys "{Enter}" - "[MSAA, VisibleOnly]ControlType='Edit'"
\0&lt;/a&gt;
W, 5496, 29, 2012/10/18, 23:47:46.092, 212118023336, QTAgent32.exe, &lt;a class=success&gt;Playback - {9} [SUCCESS] MouseButtonClick - "[MSAA, VisibleOnly]ControlType='Client'"
\0&lt;/a&gt;
W, 5496, 29, 2012/10/18, 23:47:46.537, 212119107691, QTAgent32.exe, &lt;a class=success&gt;Playback - {10} [SUCCESS] SetValueAsEditBox "=a1" - "[MSAA, VisibleOnly]ControlType='Edit'"  &lt; Set via SendKeys &gt;
\0&lt;/a&gt;
W, 5496, 29, 2012/10/18, 23:47:46.789, 212119720308, QTAgent32.exe, &lt;a class=success&gt;Playback - {11} [SUCCESS] SendKeys "{Enter}" - "[MSAA, VisibleOnly]ControlType='Edit'"
\0&lt;/a&gt;
W, 5496, 29, 2012/10/18, 23:47:48.421, 212123691133, QTAgent32.exe, Playback - [WARNING] Internal warning: Target element "[MSAA]ControlType='MenuItem' &amp;&amp; Name='Help'" was not found, so all intermediate elements were ignored. An incorrect element that matches target element Id can be found as the result.  Verify that all intermediate elements in QueryId have valid and unique Ids
\0
W, 5496, 29, 2012/10/18, 23:47:48.967, 212125020934, QTAgent32.exe, Playback - [WARNING] Internal warning: 2 UI elements have the same ElementIds.  Use "Instance = 'n'" to avoid this warning for: [MSAA, VisibleOnly]ControlType='MenuBar'
\0
W, 5496, 29, 2012/10/18, 23:47:49.003, 212125107233, QTAgent32.exe, PERF WARNING: FindAllDescendents: took 2097 ms. Expected it to take maximum 500 ms.
W, 5496, 29, 2012/10/18, 23:47:49.147, 212125457906, QTAgent32.exe, &lt;a class=success&gt;Playback - {12} [SUCCESS] MouseButtonClick - "[MSAA]ControlType='MenuItem' &amp;&amp; Name='Help'"
\0&lt;/a&gt;
W, 5496, 29, 2012/10/18, 23:47:49.399, 212126070935, QTAgent32.exe, &lt;a class=success&gt;Playback - {13} [SUCCESS] MouseButtonClick - "[MSAA, VisibleOnly]ControlType='Button' &amp;&amp; Name='OK'"
\0&lt;/a&gt;
W, 5496, 29, 2012/10/18, 23:47:49.503, 212126325317, QTAgent32.exe, FindScreenElementInSinglePass : Attempting to find control in one pass of search. Failures can occur.
W, 5496, 29, 2012/10/18, 23:47:50.521, 212128801758, QTAgent32.exe, Playback - [WARNING] Internal warning:Search failure: [MSAA, VisibleOnly]ControlType='MenuBar' | [MSAA]ControlType='MenuItem' &amp;&amp; Name='File' | Performed (2) search retries, UI element not found
\0
E, 5496, 29, 2012/10/18, 23:47:50.521, 212128802263, QTAgent32.exe, &lt;a class=failure&gt;Playback - {14} [FAILED] Function ElementFetcher::FindScreenElement failed to locate UI element (Searching: ;[MSAA, VisibleOnly]ControlType='MenuBar';[MSAA]ControlType='MenuItem' &amp;&amp; Name='File';[MSAA]ControlType='MenuItem' &amp;&amp; Name='New') (The object specified was not found.)
\0&lt;/a&gt;
E, 5496, 29, 2012/10/18, 23:47:50.670, 212129165025, QTAgent32.exe, Playback - [IMAGE] C:\Users\Weston\AppData\Local\Temp\UITestLogs\LastRun\RPF1149.png
\0
W, 5496, 29, 2012/10/18, 23:47:50.670, 212129165449, QTAgent32.exe, Playback - [WARNING] Internal warning: Couldn't find descendants that match QueryId
\0
W, 5496, 29, 2012/10/18, 23:47:50.672, 212129170365, QTAgent32.exe, PERF WARNING: FindAllDescendents: took 1163 ms. Expected it to take maximum 500 ms.
W, 5496, 29, 2012/10/18, 23:47:50.672, 212129171152, QTAgent32.exe, FindScreenElementInSinglePass : Attempting to find control in one pass of search. Failures can occur.
W, 5496, 29, 2012/10/18, 23:47:50.682, 212129193360, QTAgent32.exe, FindScreenElementInSinglePass : Attempting to find control in one pass of search. Failures can occur.
W, 5496, 29, 2012/10/18, 23:47:51.194, 212130439611, QTAgent32.exe, Playback - [WARNING] Internal warning: Target element "[MSAA]ControlType='MenuItem' &amp;&amp; Name='File'" was not found, so all intermediate elements were ignored. An incorrect element that matches target element Id can be found as the result.  Verify that all intermediate elements in QueryId have valid and unique Ids
\0
W, 5496, 29, 2012/10/18, 23:47:52.704, 212134115295, QTAgent32.exe, Playback - [WARNING] Internal warning:Search failure: [MSAA]ControlType='MenuItem' &amp;&amp; Name='File' | Performed (2) search retries, UI element not found
\0
E, 5496, 29, 2012/10/18, 23:47:52.704, 212134115700, QTAgent32.exe, &lt;a class=failure&gt;Playback - {15} [FAILED] Function ElementFetcher::FindScreenElement failed to locate UI element (Searching: ;[MSAA]ControlType='MenuItem' &amp;&amp; Name='File') (The object specified was not found.)
\0&lt;/a&gt;
E, 5496, 29, 2012/10/18, 23:47:52.801, 212134351413, QTAgent32.exe, Playback - [IMAGE] C:\Users\Weston\AppData\Local\Temp\UITestLogs\LastRun\RPF19D2.png
\0
W, 5496, 29, 2012/10/18, 23:47:52.801, 212134351828, QTAgent32.exe, Playback - [WARNING] Internal warning: Couldn't find descendants that match QueryId
\0
W, 5496, 29, 2012/10/18, 23:47:52.801, 212134352329, QTAgent32.exe, PERF WARNING: FindAllDescendents: took 2115 ms. Expected it to take maximum 500 ms.
W, 5496, 29, 2012/10/18, 23:47:54.324, 212138057162, QTAgent32.exe, Playback - [WARNING] Internal warning: Target element "[MSAA]ControlType='MenuItem' &amp;&amp; Name='File'" was not found, so all intermediate elements were ignored. An incorrect element that matches target element Id can be found as the result.  Verify that all intermediate elements in QueryId have valid and unique Ids
\0
W, 5496, 29, 2012/10/18, 23:47:54.866, 212139375974, QTAgent32.exe, Playback - [WARNING] Internal warning: 2 UI elements have the same ElementIds.  Use "Instance = 'n'" to avoid this warning for: [MSAA, VisibleOnly]ControlType='MenuBar'
\0
W, 5496, 29, 2012/10/18, 23:47:54.901, 212139462724, QTAgent32.exe, PERF WARNING: FindAllDescendents: took 2094 ms. Expected it to take maximum 500 ms.
W, 5496, 29, 2012/10/18, 23:47:55.041, 212139802869, QTAgent32.exe, &lt;a class=success&gt;Playback - {16} [SUCCESS] LeftButtonClick  &lt; Mouse cursor location (185, 218) &gt;
\0&lt;/a&gt;
W, 5496, 29, 2012/10/18, 23:47:55.154, 212140078016, QTAgent32.exe, &lt;a class=success&gt;Playback - {17} [SUCCESS] LeftButtonClick - "[MSAA]ControlType='MenuItem' &amp;&amp; Name='File'"  &lt; Mouse cursor location (207, 218) &gt;
\0&lt;/a&gt;
W, 5496, 29, 2012/10/18, 23:47:55.345, 212140542073, QTAgent32.exe, &lt;a class=success&gt;Playback - {18} [SUCCESS] MouseButtonClick - "[MSAA]ControlType='MenuItem' &amp;&amp; Name='New'"
\0&lt;/a&gt;
W, 5496, 29, 2012/10/18, 23:47:55.456, 212140812377, QTAgent32.exe, FindNTopWindows : Search will be continued for 12000 even on failure
W, 5496, 29, 2012/10/18, 23:47:55.523, 212140976914, QTAgent32.exe, FindScreenElementInSinglePass : Attempting to find control in one pass of search. Failures can occur.
W, 5496, 29, 2012/10/18, 23:47:56.542, 212143452489, QTAgent32.exe, Playback - [WARNING] Internal warning:Search failure: [MSAA, VisibleOnly]ControlType='MenuBar' | [MSAA]ControlType='MenuItem' &amp;&amp; Name='File' | Performed (2) search retries, UI element not found
\0
E, 5496, 29, 2012/10/18, 23:47:56.542, 212143452912, QTAgent32.exe, &lt;a class=failure&gt;Playback - {19} [FAILED] Function ElementFetcher::FindScreenElement failed to locate UI element (Searching: ;[MSAA, VisibleOnly]ControlType='MenuBar';[MSAA]ControlType='MenuItem' &amp;&amp; Name='File';[MSAA]ControlType='MenuItem' &amp;&amp; Name='Close') (The object specified was not found.)
\0&lt;/a&gt;
E, 5496, 29, 2012/10/18, 23:47:56.633, 212143675853, QTAgent32.exe, Playback - [IMAGE] C:\Users\Weston\AppData\Local\Temp\UITestLogs\LastRun\RPF28D0.png
\0
W, 5496, 29, 2012/10/18, 23:47:56.634, 212143676294, QTAgent32.exe, Playback - [WARNING] Internal warning: Couldn't find descendants that match QueryId
\0
W, 5496, 29, 2012/10/18, 23:47:56.634, 212143676799, QTAgent32.exe, PERF WARNING: FindAllDescendents: took 1104 ms. Expected it to take maximum 500 ms.
W, 5496, 29, 2012/10/18, 23:47:56.634, 212143677114, QTAgent32.exe, FindScreenElementInSinglePass : Attempting to find control in one pass of search. Failures can occur.
W, 5496, 29, 2012/10/18, 23:47:56.643, 212143699369, QTAgent32.exe, FindScreenElementInSinglePass : Attempting to find control in one pass of search. Failures can occur.
W, 5496, 29, 2012/10/18, 23:47:57.155, 212144944467, QTAgent32.exe, Playback - [WARNING] Internal warning: Target element "[MSAA]ControlType='MenuItem' &amp;&amp; Name='File'" was not found, so all intermediate elements were ignored. An incorrect element that matches target element Id can be found as the result.  Verify that all intermediate elements in QueryId have valid and unique Ids
\0
W, 5496, 29, 2012/10/18, 23:47:58.665, 212148619879, QTAgent32.exe, Playback - [WARNING] Internal warning:Search failure: [MSAA]ControlType='MenuItem' &amp;&amp; Name='File' | Performed (2) search retries, UI element not found
\0
E, 5496, 29, 2012/10/18, 23:47:58.665, 212148620289, QTAgent32.exe, &lt;a class=failure&gt;Playback - {20} [FAILED] Function ElementFetcher::FindScreenElement failed to locate UI element (Searching: ;[MSAA]ControlType='MenuItem' &amp;&amp; Name='File') (The object specified was not found.)
\0&lt;/a&gt;
E, 5496, 29, 2012/10/18, 23:47:58.766, 212148865526, QTAgent32.exe, Playback - [IMAGE] C:\Users\Weston\AppData\Local\Temp\UITestLogs\LastRun\RPF311B.png
\0
W, 5496, 29, 2012/10/18, 23:47:58.766, 212148865976, QTAgent32.exe, Playback - [WARNING] Internal warning: Couldn't find descendants that match QueryId
\0
W, 5496, 29, 2012/10/18, 23:47:58.766, 212148866506, QTAgent32.exe, PERF WARNING: FindAllDescendents: took 2118 ms. Expected it to take maximum 500 ms.
W, 5496, 29, 2012/10/18, 23:48:00.289, 212152571273, QTAgent32.exe, Playback - [WARNING] Internal warning: Target element "[MSAA]ControlType='MenuItem' &amp;&amp; Name='File'" was not found, so all intermediate elements were ignored. An incorrect element that matches target element Id can be found as the result.  Verify that all intermediate elements in QueryId have valid and unique Ids
\0
W, 5496, 29, 2012/10/18, 23:48:00.832, 212153893954, QTAgent32.exe, Playback - [WARNING] Internal warning: 2 UI elements have the same ElementIds.  Use "Instance = 'n'" to avoid this warning for: [MSAA, VisibleOnly]ControlType='MenuBar'
\0
W, 5496, 29, 2012/10/18, 23:48:00.867, 212153978628, QTAgent32.exe, PERF WARNING: FindAllDescendents: took 2095 ms. Expected it to take maximum 500 ms.
W, 5496, 29, 2012/10/18, 23:48:00.997, 212154295732, QTAgent32.exe, &lt;a class=success&gt;Playback - {21} [SUCCESS] LeftButtonClick  &lt; Mouse cursor location (210, 243) &gt;
\0&lt;/a&gt;
W, 5496, 29, 2012/10/18, 23:48:01.111, 212154572397, QTAgent32.exe, &lt;a class=success&gt;Playback - {22} [SUCCESS] LeftButtonClick - "[MSAA]ControlType='MenuItem' &amp;&amp; Name='File'"  &lt; Mouse cursor location (232, 243) &gt;
\0&lt;/a&gt;
W, 5496, 29, 2012/10/18, 23:48:01.296, 212155022516, QTAgent32.exe, &lt;a class=success&gt;Playback - {23} [SUCCESS] MouseButtonClick - "[MSAA]ControlType='MenuItem' &amp;&amp; Name='Close'"
\0&lt;/a&gt;
W, 5496, 29, 2012/10/18, 23:48:01.396, 212155266985, QTAgent32.exe, FindScreenElementInSinglePass : Attempting to find control in one pass of search. Failures can occur.
W, 5496, 29, 2012/10/18, 23:48:02.415, 212157745020, QTAgent32.exe, Playback - [WARNING] Internal warning:Search failure: [MSAA, VisibleOnly]ControlType='MenuBar' | [MSAA]ControlType='MenuItem' &amp;&amp; Name='File' | Performed (2) search retries, UI element not found
\0
E, 5496, 29, 2012/10/18, 23:48:02.415, 212157745538, QTAgent32.exe, &lt;a class=failure&gt;Playback - {24} [FAILED] Function ElementFetcher::FindScreenElement failed to locate UI element (Searching: ;[MSAA, VisibleOnly]ControlType='MenuBar';[MSAA]ControlType='MenuItem' &amp;&amp; Name='File';[MSAA]ControlType='MenuItem' &amp;&amp; Name='Close') (The object specified was not found.)
\0&lt;/a&gt;
E, 5496, 29, 2012/10/18, 23:48:02.527, 212158018781, QTAgent32.exe, Playback - [IMAGE] C:\Users\Weston\AppData\Local\Temp\UITestLogs\LastRun\RPF3FCC.png
\0
W, 5496, 29, 2012/10/18, 23:48:02.527, 212158019195, QTAgent32.exe, Playback - [WARNING] Internal warning: Couldn't find descendants that match QueryId
\0
W, 5496, 29, 2012/10/18, 23:48:02.527, 212158019712, QTAgent32.exe, PERF WARNING: FindAllDescendents: took 1124 ms. Expected it to take maximum 500 ms.
W, 5496, 29, 2012/10/18, 23:48:02.528, 212158020052, QTAgent32.exe, FindScreenElementInSinglePass : Attempting to find control in one pass of search. Failures can occur.
W, 5496, 29, 2012/10/18, 23:48:02.537, 212158042201, QTAgent32.exe, FindScreenElementInSinglePass : Attempting to find control in one pass of search. Failures can occur.
W, 5496, 29, 2012/10/18, 23:48:03.049, 212159288188, QTAgent32.exe, Playback - [WARNING] Internal warning: Target element "[MSAA]ControlType='MenuItem' &amp;&amp; Name='File'" was not found, so all intermediate elements were ignored. An incorrect element that matches target element Id can be found as the result.  Verify that all intermediate elements in QueryId have valid and unique Ids
\0
W, 5496, 29, 2012/10/18, 23:48:04.565, 212162978359, QTAgent32.exe, Playback - [WARNING] Internal warning:Search failure: [MSAA]ControlType='MenuItem' &amp;&amp; Name='File' | Performed (2) search retries, UI element not found
\0
E, 5496, 29, 2012/10/18, 23:48:04.565, 212162978768, QTAgent32.exe, &lt;a class=failure&gt;Playback - {25} [FAILED] Function ElementFetcher::FindScreenElement failed to locate UI element (Searching: ;[MSAA]ControlType='MenuItem' &amp;&amp; Name='File') (The object specified was not found.)
\0&lt;/a&gt;
E, 5496, 29, 2012/10/18, 23:48:04.657, 212163203414, QTAgent32.exe, Playback - [IMAGE] C:\Users\Weston\AppData\Local\Temp\UITestLogs\LastRun\RPF4826.png
\0
W, 5496, 29, 2012/10/18, 23:48:04.658, 212163205224, QTAgent32.exe, Playback - [WARNING] Internal warning: Couldn't find descendants that match QueryId
\0
W, 5496, 29, 2012/10/18, 23:48:04.658, 212163205728, QTAgent32.exe, PERF WARNING: FindAllDescendents: took 2117 ms. Expected it to take maximum 500 ms.
W, 5496, 29, 2012/10/18, 23:48:06.181, 212166910327, QTAgent32.exe, Playback - [WARNING] Internal warning: Target element "[MSAA]ControlType='MenuItem' &amp;&amp; Name='File'" was not found, so all intermediate elements were ignored. An incorrect element that matches target element Id can be found as the result.  Verify that all intermediate elements in QueryId have valid and unique Ids
\0
W, 5496, 29, 2012/10/18, 23:48:06.723, 212168229580, QTAgent32.exe, Playback - [WARNING] Internal warning: 2 UI elements have the same ElementIds.  Use "Instance = 'n'" to avoid this warning for: [MSAA, VisibleOnly]ControlType='MenuBar'
\0
W, 5496, 29, 2012/10/18, 23:48:06.757, 212168313950, QTAgent32.exe, PERF WARNING: FindAllDescendents: took 2093 ms. Expected it to take maximum 500 ms.
W, 5496, 29, 2012/10/18, 23:48:06.891, 212168639430, QTAgent32.exe, &lt;a class=success&gt;Playback - {26} [SUCCESS] LeftButtonClick  &lt; Mouse cursor location (185, 218) &gt;
\0&lt;/a&gt;
W, 5496, 29, 2012/10/18, 23:48:07.005, 212168916866, QTAgent32.exe, &lt;a class=success&gt;Playback - {27} [SUCCESS] LeftButtonClick - "[MSAA]ControlType='MenuItem' &amp;&amp; Name='File'"  &lt; Mouse cursor location (207, 218) &gt;
\0&lt;/a&gt;
W, 5496, 29, 2012/10/18, 23:48:07.190, 212169366051, QTAgent32.exe, &lt;a class=success&gt;Playback - {28} [SUCCESS] MouseButtonClick - "[MSAA]ControlType='MenuItem' &amp;&amp; Name='Close'"
\0&lt;/a&gt;
W, 5496, 29, 2012/10/18, 23:48:07.424, 212169935417, QTAgent32.exe, &lt;a class=success&gt;Playback - {29} [SUCCESS] MouseButtonClick - "[MSAA, VisibleOnly]ControlType='Button' &amp;&amp; Name='No'"
\0&lt;/a&gt;
W, 5496, 29, 2012/10/18, 23:48:09.057, 212173909453, QTAgent32.exe, Playback - [WARNING] Internal warning: Target element "[MSAA]ControlType='MenuItem' &amp;&amp; Name='File'" was not found, so all intermediate elements were ignored. An incorrect element that matches target element Id can be found as the result.  Verify that all intermediate elements in QueryId have valid and unique Ids
\0
W, 5496, 29, 2012/10/18, 23:48:09.600, 212175230637, QTAgent32.exe, Playback - [WARNING] Internal warning: 2 UI elements have the same ElementIds.  Use "Instance = 'n'" to avoid this warning for: [MSAA, VisibleOnly]ControlType='MenuBar'
\0
W, 5496, 29, 2012/10/18, 23:48:09.635, 212175315683, QTAgent32.exe, PERF WARNING: FindAllDescendents: took 2095 ms. Expected it to take maximum 500 ms.
W, 5496, 29, 2012/10/18, 23:48:09.765, 212175633025, QTAgent32.exe, &lt;a class=success&gt;Playback - {30} [SUCCESS] MouseButtonClick - "[MSAA]ControlType='MenuItem' &amp;&amp; Name='File'"
\0&lt;/a&gt;
W, 5496, 29, 2012/10/18, 23:48:09.871, 212175891183, QTAgent32.exe, FindScreenElementInSinglePass : Attempting to find control in one pass of search. Failures can occur.
W, 5496, 29, 2012/10/18, 23:48:10.887, 212178362965, QTAgent32.exe, Playback - [WARNING] Internal warning:Search failure: [MSAA, VisibleOnly]ControlType='MenuBar' | [MSAA]ControlType='MenuItem' &amp;&amp; Name='File' | Performed (2) search retries, UI element not found
\0
E, 5496, 29, 2012/10/18, 23:48:10.887, 212178363478, QTAgent32.exe, &lt;a class=failure&gt;Playback - {31} [FAILED] Function ElementFetcher::FindScreenElement failed to locate UI element (Searching: ;[MSAA, VisibleOnly]ControlType='MenuBar';[MSAA]ControlType='MenuItem' &amp;&amp; Name='File';[MSAA]ControlType='MenuItem' &amp;&amp; Name='Open') (The object specified was not found.)
\0&lt;/a&gt;
E, 5496, 29, 2012/10/18, 23:48:10.984, 212178600916, QTAgent32.exe, Playback - [IMAGE] C:\Users\Weston\AppData\Local\Temp\UITestLogs\LastRun\RPF60E4.png
\0
W, 5496, 29, 2012/10/18, 23:48:10.985, 212178601360, QTAgent32.exe, Playback - [WARNING] Internal warning: Couldn't find descendants that match QueryId
\0
W, 5496, 29, 2012/10/18, 23:48:10.985, 212178601866, QTAgent32.exe, PERF WARNING: FindAllDescendents: took 1109 ms. Expected it to take maximum 500 ms.
W, 5496, 29, 2012/10/18, 23:48:10.985, 212178602222, QTAgent32.exe, FindScreenElementInSinglePass : Attempting to find control in one pass of search. Failures can occur.
W, 5496, 29, 2012/10/18, 23:48:10.994, 212178625018, QTAgent32.exe, FindScreenElementInSinglePass : Attempting to find control in one pass of search. Failures can occur.
W, 5496, 29, 2012/10/18, 23:48:11.507, 212179872126, QTAgent32.exe, Playback - [WARNING] Internal warning: Target element "[MSAA]ControlType='MenuItem' &amp;&amp; Name='File'" was not found, so all intermediate elements were ignored. An incorrect element that matches target element Id can be found as the result.  Verify that all intermediate elements in QueryId have valid and unique Ids
\0
W, 5496, 29, 2012/10/18, 23:48:13.021, 212183557237, QTAgent32.exe, Playback - [WARNING] Internal warning:Search failure: [MSAA]ControlType='MenuItem' &amp;&amp; Name='File' | Performed (2) search retries, UI element not found
\0
E, 5496, 29, 2012/10/18, 23:48:13.021, 212183557655, QTAgent32.exe, &lt;a class=failure&gt;Playback - {32} [FAILED] Function ElementFetcher::FindScreenElement failed to locate UI element (Searching: ;[MSAA]ControlType='MenuItem' &amp;&amp; Name='File') (The object specified was not found.)
\0&lt;/a&gt;
E, 5496, 29, 2012/10/18, 23:48:13.114, 212183784417, QTAgent32.exe, Playback - [IMAGE] C:\Users\Weston\AppData\Local\Temp\UITestLogs\LastRun\RPF692F.png
\0
W, 5496, 29, 2012/10/18, 23:48:13.115, 212183784844, QTAgent32.exe, Playback - [WARNING] Internal warning: Couldn't find descendants that match QueryId
\0
W, 5496, 29, 2012/10/18, 23:48:13.115, 212183785229, QTAgent32.exe, PERF WARNING: FindAllDescendents: took 2115 ms. Expected it to take maximum 500 ms.
W, 5496, 29, 2012/10/18, 23:48:14.638, 212187489692, QTAgent32.exe, Playback - [WARNING] Internal warning: Target element "[MSAA]ControlType='MenuItem' &amp;&amp; Name='File'" was not found, so all intermediate elements were ignored. An incorrect element that matches target element Id can be found as the result.  Verify that all intermediate elements in QueryId have valid and unique Ids
\0
W, 5496, 29, 2012/10/18, 23:48:15.180, 212188808344, QTAgent32.exe, Playback - [WARNING] Internal warning: 2 UI elements have the same ElementIds.  Use "Instance = 'n'" to avoid this warning for: [MSAA, VisibleOnly]ControlType='MenuBar'
\0
W, 5496, 29, 2012/10/18, 23:48:15.214, 212188891541, QTAgent32.exe, PERF WARNING: FindAllDescendents: took 2093 ms. Expected it to take maximum 500 ms.
W, 5496, 29, 2012/10/18, 23:48:15.344, 212189208462, QTAgent32.exe, &lt;a class=success&gt;Playback - {33} [SUCCESS] LeftButtonClick  &lt; Mouse cursor location (185, 218) &gt;
\0&lt;/a&gt;
W, 5496, 29, 2012/10/18, 23:48:15.457, 212189483083, QTAgent32.exe, &lt;a class=success&gt;Playback - {34} [SUCCESS] LeftButtonClick - "[MSAA]ControlType='MenuItem' &amp;&amp; Name='File'"  &lt; Mouse cursor location (207, 218) &gt;
\0&lt;/a&gt;
W, 5496, 29, 2012/10/18, 23:48:15.639, 212189925532, QTAgent32.exe, &lt;a class=success&gt;Playback - {35} [SUCCESS] MouseButtonClick - "[MSAA]ControlType='MenuItem' &amp;&amp; Name='Open'"
\0&lt;/a&gt;
W, 5496, 29, 2012/10/18, 23:48:16.207, 212191308394, QTAgent32.exe, &lt;a class=success&gt;Playback - {36} [SUCCESS] MouseButtonClick - "[MSAA, VisibleOnly]ControlType='Edit' &amp;&amp; Name='Name'"
\0&lt;/a&gt;
W, 5496, 29, 2012/10/18, 23:48:16.505, 212192034689, QTAgent32.exe, &lt;a class=success&gt;Playback - {37} [SUCCESS] MouseButtonClick - "[MSAA, VisibleOnly]ControlType='SplitButton' &amp;&amp; Name='Open'"
\0&lt;/a&gt;
W, 5496, 29, 2012/10/18, 23:48:16.607, 212192281577, QTAgent32.exe, FindNTopWindows : Search will be continued for 12000 even on failure
W, 5496, 29, 2012/10/18, 23:48:16.895, 212192981600, QTAgent32.exe, &lt;a class=success&gt;Playback - {38} [SUCCESS] MouseButtonClick - "[MSAA, VisibleOnly]ControlType='Client'"
\0&lt;/a&gt;
W, 5496, 29, 2012/10/18, 23:48:17.002, 212193243059, QTAgent32.exe, FindScreenElementInSinglePass : Attempting to find control in one pass of search. Failures can occur.
W, 5496, 29, 2012/10/18, 23:48:18.019, 212195717160, QTAgent32.exe, Playback - [WARNING] Internal warning:Search failure: [MSAA, VisibleOnly]ControlType='MenuBar' | [MSAA]ControlType='MenuItem' &amp;&amp; Name='File' | Performed (2) search retries, UI element not found
\0
E, 5496, 29, 2012/10/18, 23:48:18.019, 212195717703, QTAgent32.exe, &lt;a class=failure&gt;Playback - {39} [FAILED] Function ElementFetcher::FindScreenElement failed to locate UI element (Searching: ;[MSAA, VisibleOnly]ControlType='MenuBar';[MSAA]ControlType='MenuItem' &amp;&amp; Name='File';[MSAA]ControlType='MenuItem' &amp;&amp; Name='Save') (The object specified was not found.)
\0&lt;/a&gt;
E, 5496, 29, 2012/10/18, 23:48:18.111, 212195942140, QTAgent32.exe, Playback - [IMAGE] C:\Users\Weston\AppData\Local\Temp\UITestLogs\LastRun\RPF7CC0.png
\0
W, 5496, 29, 2012/10/18, 23:48:18.111, 212195942574, QTAgent32.exe, Playback - [WARNING] Internal warning: Couldn't find descendants that match QueryId
\0
W, 5496, 29, 2012/10/18, 23:48:18.111, 212195943118, QTAgent32.exe, PERF WARNING: FindAllDescendents: took 1104 ms. Expected it to take maximum 500 ms.
W, 5496, 29, 2012/10/18, 23:48:18.112, 212195943496, QTAgent32.exe, FindScreenElementInSinglePass : Attempting to find control in one pass of search. Failures can occur.
W, 5496, 29, 2012/10/18, 23:48:18.122, 212195968016, QTAgent32.exe, FindScreenElementInSinglePass : Attempting to find control in one pass of search. Failures can occur.
W, 5496, 29, 2012/10/18, 23:48:18.634, 212197213982, QTAgent32.exe, Playback - [WARNING] Internal warning: Target element "[MSAA]ControlType='MenuItem' &amp;&amp; Name='File'" was not found, so all intermediate elements were ignored. An incorrect element that matches target element Id can be found as the result.  Verify that all intermediate elements in QueryId have valid and unique Ids
\0
W, 5496, 29, 2012/10/18, 23:48:20.144, 212200889541, QTAgent32.exe, Playback - [WARNING] Internal warning:Search failure: [MSAA]ControlType='MenuItem' &amp;&amp; Name='File' | Performed (2) search retries, UI element not found
\0
E, 5496, 29, 2012/10/18, 23:48:20.144, 212200889943, QTAgent32.exe, &lt;a class=failure&gt;Playback - {40} [FAILED] Function ElementFetcher::FindScreenElement failed to locate UI element (Searching: ;[MSAA]ControlType='MenuItem' &amp;&amp; Name='File') (The object specified was not found.)
\0&lt;/a&gt;
E, 5496, 29, 2012/10/18, 23:48:20.257, 212201165088, QTAgent32.exe, Playback - [IMAGE] C:\Users\Weston\AppData\Local\Temp\UITestLogs\LastRun\RPF850A.png
\0
W, 5496, 29, 2012/10/18, 23:48:20.257, 212201165499, QTAgent32.exe, Playback - [WARNING] Internal warning: Couldn't find descendants that match QueryId
\0
W, 5496, 29, 2012/10/18, 23:48:20.258, 212201165994, QTAgent32.exe, PERF WARNING: FindAllDescendents: took 2131 ms. Expected it to take maximum 500 ms.
W, 5496, 29, 2012/10/18, 23:48:21.780, 212204870001, QTAgent32.exe, Playback - [WARNING] Internal warning: Target element "[MSAA]ControlType='MenuItem' &amp;&amp; Name='File'" was not found, so all intermediate elements were ignored. An incorrect element that matches target element Id can be found as the result.  Verify that all intermediate elements in QueryId have valid and unique Ids
\0
W, 5496, 29, 2012/10/18, 23:48:22.325, 212206196550, QTAgent32.exe, Playback - [WARNING] Internal warning: 2 UI elements have the same ElementIds.  Use "Instance = 'n'" to avoid this warning for: [MSAA, VisibleOnly]ControlType='MenuBar'
\0
W, 5496, 29, 2012/10/18, 23:48:22.360, 212206282780, QTAgent32.exe, PERF WARNING: FindAllDescendents: took 2097 ms. Expected it to take maximum 500 ms.
W, 5496, 29, 2012/10/18, 23:48:22.495, 212206610793, QTAgent32.exe, &lt;a class=success&gt;Playback - {41} [SUCCESS] LeftButtonClick  &lt; Mouse cursor location (35, 68) &gt;
\0&lt;/a&gt;
W, 5496, 29, 2012/10/18, 23:48:22.613, 212206897641, QTAgent32.exe, &lt;a class=success&gt;Playback - {42} [SUCCESS] LeftButtonClick - "[MSAA]ControlType='MenuItem' &amp;&amp; Name='File'"  &lt; Mouse cursor location (57, 68) &gt;
\0&lt;/a&gt;
W, 5496, 29, 2012/10/18, 23:48:22.795, 212207340530, QTAgent32.exe, &lt;a class=success&gt;Playback - {43} [SUCCESS] MouseButtonClick - "[MSAA]ControlType='MenuItem' &amp;&amp; Name='Save'"
\0&lt;/a&gt;
W, 5496, 29, 2012/10/18, 23:48:23.022, 212207894403, QTAgent32.exe, &lt;a class=success&gt;Playback - {44} [SUCCESS] MouseButtonClick - "[MSAA, VisibleOnly]ControlType='Client'"
\0&lt;/a&gt;
W, 5496, 29, 2012/10/18, 23:48:23.245, 212208435978, QTAgent32.exe, &lt;a class=success&gt;Playback - {45} [SUCCESS] MouseButtonClick - "[MSAA, VisibleOnly]ControlType='Client'"
\0&lt;/a&gt;
W, 5496, 29, 2012/10/18, 23:48:23.648, 212209416982, QTAgent32.exe, &lt;a class=success&gt;Playback - {46} [SUCCESS] SendKeys "^{HOME}" - "[MSAA, VisibleOnly]ControlType='Edit'"
\0&lt;/a&gt;
E, 5496, 29, 2012/10/18, 23:48:23.650, 212209421650, QTAgent32.exe, Msaa.GetFocusedElement: could not find accessible object of foreground window
W, 5496, 29, 2012/10/18, 23:48:23.720, 212209592087, QTAgent32.exe, &lt;a class=success&gt;Playback - {47} [SUCCESS] SendKeys "^+{END}" - "[MSAA, VisibleOnly]ControlType='Edit'"
\0&lt;/a&gt;
E, 5496, 29, 2012/10/18, 23:48:23.720, 212209592601, QTAgent32.exe, Msaa.GetFocusedElement: could not find accessible object of foreground window
W, 5496, 29, 2012/10/18, 23:48:23.744, 212209651619, QTAgent32.exe, &lt;a class=success&gt;Playback - {48} [SUCCESS] SendKeys "{DELETE}" - "[MSAA, VisibleOnly]ControlType='Edit'"
\0&lt;/a&gt;
W, 5496, 29, 2012/10/18, 23:48:24.049, 212210393781, QTAgent32.exe, &lt;a class=success&gt;Playback - {49} [SUCCESS] SetValueAsEditBox "1" - "[MSAA, VisibleOnly]ControlType='Edit'"  &lt; Set via SendKeys &gt;
\0&lt;/a&gt;
W, 5496, 29, 2012/10/18, 23:48:24.419, 212211293197, QTAgent32.exe, &lt;a class=success&gt;Playback - {50} [SUCCESS] SendKeys "{Enter}" - "[MSAA, VisibleOnly]ControlType='Edit'"
\0&lt;/a&gt;
W, 5496, 29, 2012/10/18, 23:48:24.526, 212211552918, QTAgent32.exe, FindScreenElementInSinglePass : Attempting to find control in one pass of search. Failures can occur.
W, 5496, 29, 2012/10/18, 23:48:25.543, 212214027810, QTAgent32.exe, Playback - [WARNING] Internal warning:Search failure: [MSAA, VisibleOnly]ControlType='MenuBar' | [MSAA]ControlType='MenuItem' &amp;&amp; Name='File' | Performed (2) search retries, UI element not found
\0
E, 5496, 29, 2012/10/18, 23:48:25.543, 212214028365, QTAgent32.exe, &lt;a class=failure&gt;Playback - {51} [FAILED] Function ElementFetcher::FindScreenElement failed to locate UI element (Searching: ;[MSAA, VisibleOnly]ControlType='MenuBar';[MSAA]ControlType='MenuItem' &amp;&amp; Name='File';[MSAA]ControlType='MenuItem' &amp;&amp; Name='Close') (The object specified was not found.)
\0&lt;/a&gt;
E, 5496, 29, 2012/10/18, 23:48:25.636, 212214254682, QTAgent32.exe, Playback - [IMAGE] C:\Users\Weston\AppData\Local\Temp\UITestLogs\LastRun\RPF9A21.png
\0
W, 5496, 29, 2012/10/18, 23:48:25.636, 212214255135, QTAgent32.exe, Playback - [WARNING] Internal warning: Couldn't find descendants that match QueryId
\0
W, 5496, 29, 2012/10/18, 23:48:25.636, 212214255679, QTAgent32.exe, PERF WARNING: FindAllDescendents: took 1105 ms. Expected it to take maximum 500 ms.
W, 5496, 29, 2012/10/18, 23:48:25.636, 212214256020, QTAgent32.exe, FindScreenElementInSinglePass : Attempting to find control in one pass of search. Failures can occur.
W, 5496, 29, 2012/10/18, 23:48:25.645, 212214277969, QTAgent32.exe, FindScreenElementInSinglePass : Attempting to find control in one pass of search. Failures can occur.
W, 5496, 29, 2012/10/18, 23:48:26.158, 212215524903, QTAgent32.exe, Playback - [WARNING] Internal warning: Target element "[MSAA]ControlType='MenuItem' &amp;&amp; Name='File'" was not found, so all intermediate elements were ignored. An incorrect element that matches target element Id can be found as the result.  Verify that all intermediate elements in QueryId have valid and unique Ids
\0
W, 5496, 29, 2012/10/18, 23:48:27.668, 212219200344, QTAgent32.exe, Playback - [WARNING] Internal warning:Search failure: [MSAA]ControlType='MenuItem' &amp;&amp; Name='File' | Performed (2) search retries, UI element not found
\0
E, 5496, 29, 2012/10/18, 23:48:27.668, 212219200752, QTAgent32.exe, &lt;a class=failure&gt;Playback - {52} [FAILED] Function ElementFetcher::FindScreenElement failed to locate UI element (Searching: ;[MSAA]ControlType='MenuItem' &amp;&amp; Name='File') (The object specified was not found.)
\0&lt;/a&gt;
E, 5496, 29, 2012/10/18, 23:48:27.800, 212219521497, QTAgent32.exe, Playback - [IMAGE] C:\Users\Weston\AppData\Local\Temp\UITestLogs\LastRun\RPFA26C.png
\0
W, 5496, 29, 2012/10/18, 23:48:27.800, 212219521956, QTAgent32.exe, Playback - [WARNING] Internal warning: Couldn't find descendants that match QueryId
\0
W, 5496, 29, 2012/10/18, 23:48:27.800, 212219522465, QTAgent32.exe, PERF WARNING: FindAllDescendents: took 2150 ms. Expected it to take maximum 500 ms.
W, 5496, 29, 2012/10/18, 23:48:29.323, 212223227295, QTAgent32.exe, Playback - [WARNING] Internal warning: Target element "[MSAA]ControlType='MenuItem' &amp;&amp; Name='File'" was not found, so all intermediate elements were ignored. An incorrect element that matches target element Id can be found as the result.  Verify that all intermediate elements in QueryId have valid and unique Ids
\0
W, 5496, 29, 2012/10/18, 23:48:29.865, 212224546097, QTAgent32.exe, Playback - [WARNING] Internal warning: 2 UI elements have the same ElementIds.  Use "Instance = 'n'" to avoid this warning for: [MSAA, VisibleOnly]ControlType='MenuBar'
\0
W, 5496, 29, 2012/10/18, 23:48:29.900, 212224632058, QTAgent32.exe, PERF WARNING: FindAllDescendents: took 2094 ms. Expected it to take maximum 500 ms.
W, 5496, 29, 2012/10/18, 23:48:30.035, 212224960597, QTAgent32.exe, &lt;a class=success&gt;Playback - {53} [SUCCESS] LeftButtonClick  &lt; Mouse cursor location (35, 68) &gt;
\0&lt;/a&gt;
W, 5496, 29, 2012/10/18, 23:48:30.148, 212225235825, QTAgent32.exe, &lt;a class=success&gt;Playback - {54} [SUCCESS] LeftButtonClick - "[MSAA]ControlType='MenuItem' &amp;&amp; Name='File'"  &lt; Mouse cursor location (57, 68) &gt;
\0&lt;/a&gt;
W, 5496, 29, 2012/10/18, 23:48:30.339, 212225700040, QTAgent32.exe, &lt;a class=success&gt;Playback - {55} [SUCCESS] MouseButtonClick - "[MSAA]ControlType='MenuItem' &amp;&amp; Name='Close'"
\0&lt;/a&gt;
W, 5496, 29, 2012/10/18, 23:48:30.577, 212226279497, QTAgent32.exe, &lt;a class=success&gt;Playback - {56} [SUCCESS] MouseButtonClick - "[MSAA, VisibleOnly]ControlType='Button' &amp;&amp; Name='No'"
\0&lt;/a&gt;
W, 5496, 29, 2012/10/18, 23:48:30.677, 212226523064, QTAgent32.exe, FindScreenElementInSinglePass : Attempting to find control in one pass of search. Failures can occur.
W, 5496, 29, 2012/10/18, 23:48:31.696, 212228999626, QTAgent32.exe, Playback - [WARNING] Internal warning:Search failure: [MSAA, VisibleOnly]ControlType='MenuBar' | [MSAA]ControlType='MenuItem' &amp;&amp; Name='File' | Performed (2) search retries, UI element not found
\0
E, 5496, 29, 2012/10/18, 23:48:31.696, 212229000192, QTAgent32.exe, &lt;a class=failure&gt;Playback - {57} [FAILED] Function ElementFetcher::FindScreenElement failed to locate UI element (Searching: ;[MSAA, VisibleOnly]ControlType='MenuBar';[MSAA]ControlType='MenuItem' &amp;&amp; Name='File';[MSAA]ControlType='MenuItem' &amp;&amp; Name='Close') (The object specified was not found.)
\0&lt;/a&gt;
E, 5496, 29, 2012/10/18, 23:48:31.798, 212229248265, QTAgent32.exe, Playback - [IMAGE] C:\Users\Weston\AppData\Local\Temp\UITestLogs\LastRun\RPFB235.png
\0
W, 5496, 29, 2012/10/18, 23:48:31.798, 212229248691, QTAgent32.exe, Playback - [WARNING] Internal warning: Couldn't find descendants that match QueryId
\0
W, 5496, 29, 2012/10/18, 23:48:31.798, 212229249167, QTAgent32.exe, PERF WARNING: FindAllDescendents: took 1114 ms. Expected it to take maximum 500 ms.
W, 5496, 29, 2012/10/18, 23:48:31.798, 212229249497, QTAgent32.exe, FindScreenElementInSinglePass : Attempting to find control in one pass of search. Failures can occur.
W, 5496, 29, 2012/10/18, 23:48:31.807, 212229271652, QTAgent32.exe, FindScreenElementInSinglePass : Attempting to find control in one pass of search. Failures can occur.
W, 5496, 29, 2012/10/18, 23:48:32.320, 212230518313, QTAgent32.exe, Playback - [WARNING] Internal warning: Target element "[MSAA]ControlType='MenuItem' &amp;&amp; Name='File'" was not found, so all intermediate elements were ignored. An incorrect element that matches target element Id can be found as the result.  Verify that all intermediate elements in QueryId have valid and unique Ids
\0
W, 5496, 29, 2012/10/18, 23:48:33.834, 212234203760, QTAgent32.exe, Playback - [WARNING] Internal warning:Search failure: [MSAA]ControlType='MenuItem' &amp;&amp; Name='File' | Performed (2) search retries, UI element not found
\0
E, 5496, 29, 2012/10/18, 23:48:33.834, 212234204177, QTAgent32.exe, &lt;a class=failure&gt;Playback - {58} [FAILED] Function ElementFetcher::FindScreenElement failed to locate UI element (Searching: ;[MSAA]ControlType='MenuItem' &amp;&amp; Name='File') (The object specified was not found.)
\0&lt;/a&gt;
E, 5496, 29, 2012/10/18, 23:48:33.928, 212234431572, QTAgent32.exe, Playback - [IMAGE] C:\Users\Weston\AppData\Local\Temp\UITestLogs\LastRun\RPFBA8F.png
\0
W, 5496, 29, 2012/10/18, 23:48:33.928, 212234433222, QTAgent32.exe, Playback - [WARNING] Internal warning: Couldn't find descendants that match QueryId
\0
W, 5496, 29, 2012/10/18, 23:48:33.929, 212234433872, QTAgent32.exe, PERF WARNING: FindAllDescendents: took 2116 ms. Expected it to take maximum 500 ms.
W, 5496, 29, 2012/10/18, 23:48:35.452, 212238140446, QTAgent32.exe, Playback - [WARNING] Internal warning: Target element "[MSAA]ControlType='MenuItem' &amp;&amp; Name='File'" was not found, so all intermediate elements were ignored. An incorrect element that matches target element Id can be found as the result.  Verify that all intermediate elements in QueryId have valid and unique Ids
\0
W, 5496, 29, 2012/10/18, 23:48:35.994, 212239459926, QTAgent32.exe, Playback - [WARNING] Internal warning: 2 UI elements have the same ElementIds.  Use "Instance = 'n'" to avoid this warning for: [MSAA, VisibleOnly]ControlType='MenuBar'
\0
W, 5496, 29, 2012/10/18, 23:48:36.029, 212239544429, QTAgent32.exe, PERF WARNING: FindAllDescendents: took 2094 ms. Expected it to take maximum 500 ms.
W, 5496, 29, 2012/10/18, 23:48:36.164, 212239873903, QTAgent32.exe, &lt;a class=success&gt;Playback - {59} [SUCCESS] LeftButtonClick  &lt; Mouse cursor location (35, 68) &gt;
\0&lt;/a&gt;
W, 5496, 29, 2012/10/18, 23:48:36.278, 212240151235, QTAgent32.exe, &lt;a class=success&gt;Playback - {60} [SUCCESS] LeftButtonClick - "[MSAA]ControlType='MenuItem' &amp;&amp; Name='File'"  &lt; Mouse cursor location (57, 68) &gt;
\0&lt;/a&gt;
W, 5496, 29, 2012/10/18, 23:48:36.463, 212240601291, QTAgent32.exe, &lt;a class=success&gt;Playback - {61} [SUCCESS] MouseButtonClick - "[MSAA]ControlType='MenuItem' &amp;&amp; Name='Close'"
\0&lt;/a&gt;
W, 5496, 29, 2012/10/18, 23:48:36.695, 212241167346, QTAgent32.exe, &lt;a class=success&gt;Playback - {62} [SUCCESS] MouseButtonClick - "[MSAA, VisibleOnly]ControlType='Button' &amp;&amp; Name='Yes'"
\0&lt;/a&gt;
W, 5496, 29, 2012/10/18, 23:48:36.803, 212241428607, QTAgent32.exe, FindScreenElementInSinglePass : Attempting to find control in one pass of search. Failures can occur.
W, 5496, 29, 2012/10/18, 23:48:37.823, 212243910590, QTAgent32.exe, Playback - [WARNING] Internal warning:Search failure: [MSAA, VisibleOnly]ControlType='MenuBar' | [MSAA]ControlType='MenuItem' &amp;&amp; Name='File' | Performed (2) search retries, UI element not found
\0
E, 5496, 29, 2012/10/18, 23:48:37.823, 212243911110, QTAgent32.exe, &lt;a class=failure&gt;Playback - {63} [FAILED] Function ElementFetcher::FindScreenElement failed to locate UI element (Searching: ;[MSAA, VisibleOnly]ControlType='MenuBar';[MSAA]ControlType='MenuItem' &amp;&amp; Name='File';[MSAA]ControlType='MenuItem' &amp;&amp; Name='Open') (The object specified was not found.)
\0&lt;/a&gt;
E, 5496, 29, 2012/10/18, 23:48:37.923, 212244155739, QTAgent32.exe, Playback - [IMAGE] C:\Users\Weston\AppData\Local\Temp\UITestLogs\LastRun\RPFCA1A.png
\0
W, 5496, 29, 2012/10/18, 23:48:37.924, 212244156174, QTAgent32.exe, Playback - [WARNING] Internal warning: Couldn't find descendants that match QueryId
\0
W, 5496, 29, 2012/10/18, 23:48:37.924, 212244156669, QTAgent32.exe, PERF WARNING: FindAllDescendents: took 1116 ms. Expected it to take maximum 500 ms.
W, 5496, 29, 2012/10/18, 23:48:37.924, 212244156998, QTAgent32.exe, FindScreenElementInSinglePass : Attempting to find control in one pass of search. Failures can occur.
W, 5496, 29, 2012/10/18, 23:48:37.932, 212244177768, QTAgent32.exe, FindScreenElementInSinglePass : Attempting to find control in one pass of search. Failures can occur.
W, 5496, 29, 2012/10/18, 23:48:38.445, 212245424423, QTAgent32.exe, Playback - [WARNING] Internal warning: Target element "[MSAA]ControlType='MenuItem' &amp;&amp; Name='File'" was not found, so all intermediate elements were ignored. An incorrect element that matches target element Id can be found as the result.  Verify that all intermediate elements in QueryId have valid and unique Ids
\0
W, 5496, 29, 2012/10/18, 23:48:39.955, 212249100092, QTAgent32.exe, Playback - [WARNING] Internal warning:Search failure: [MSAA]ControlType='MenuItem' &amp;&amp; Name='File' | Performed (2) search retries, UI element not found
\0
E, 5496, 29, 2012/10/18, 23:48:39.955, 212249100504, QTAgent32.exe, &lt;a class=failure&gt;Playback - {64} [FAILED] Function ElementFetcher::FindScreenElement failed to locate UI element (Searching: ;[MSAA]ControlType='MenuItem' &amp;&amp; Name='File') (The object specified was not found.)
\0&lt;/a&gt;
E, 5496, 29, 2012/10/18, 23:48:40.053, 212249339524, QTAgent32.exe, Playback - [IMAGE] C:\Users\Weston\AppData\Local\Temp\UITestLogs\LastRun\RPFD274.png
\0
W, 5496, 29, 2012/10/18, 23:48:40.054, 212249339992, QTAgent32.exe, Playback - [WARNING] Internal warning: Couldn't find descendants that match QueryId
\0
W, 5496, 29, 2012/10/18, 23:48:40.054, 212249340525, QTAgent32.exe, PERF WARNING: FindAllDescendents: took 2116 ms. Expected it to take maximum 500 ms.
W, 5496, 29, 2012/10/18, 23:48:41.577, 212253046935, QTAgent32.exe, Playback - [WARNING] Internal warning: Target element "[MSAA]ControlType='MenuItem' &amp;&amp; Name='File'" was not found, so all intermediate elements were ignored. An incorrect element that matches target element Id can be found as the result.  Verify that all intermediate elements in QueryId have valid and unique Ids
\0
W, 5496, 29, 2012/10/18, 23:48:42.118, 212254364951, QTAgent32.exe, Playback - [WARNING] Internal warning: 2 UI elements have the same ElementIds.  Use "Instance = 'n'" to avoid this warning for: [MSAA, VisibleOnly]ControlType='MenuBar'
\0
W, 5496, 29, 2012/10/18, 23:48:42.152, 212254447820, QTAgent32.exe, PERF WARNING: FindAllDescendents: took 2093 ms. Expected it to take maximum 500 ms.
W, 5496, 29, 2012/10/18, 23:48:42.297, 212254799665, QTAgent32.exe, &lt;a class=success&gt;Playback - {65} [SUCCESS] LeftButtonClick  &lt; Mouse cursor location (185, 218) &gt;
\0&lt;/a&gt;
W, 5496, 29, 2012/10/18, 23:48:42.411, 212255076455, QTAgent32.exe, &lt;a class=success&gt;Playback - {66} [SUCCESS] LeftButtonClick - "[MSAA]ControlType='MenuItem' &amp;&amp; Name='File'"  &lt; Mouse cursor location (207, 218) &gt;
\0&lt;/a&gt;
W, 5496, 29, 2012/10/18, 23:48:42.593, 212255519567, QTAgent32.exe, &lt;a class=success&gt;Playback - {67} [SUCCESS] MouseButtonClick - "[MSAA]ControlType='MenuItem' &amp;&amp; Name='Open'"
\0&lt;/a&gt;
W, 5496, 29, 2012/10/18, 23:48:42.978, 212256456816, QTAgent32.exe, &lt;a class=success&gt;Playback - {68} [SUCCESS] MouseButtonClick - "[MSAA, VisibleOnly]ControlType='Edit' &amp;&amp; Name='Name'"
\0&lt;/a&gt;
W, 5496, 29, 2012/10/18, 23:48:43.251, 212257121602, QTAgent32.exe, &lt;a class=success&gt;Playback - {69} [SUCCESS] MouseButtonClick - "[MSAA, VisibleOnly]ControlType='SplitButton' &amp;&amp; Name='Open'"
\0&lt;/a&gt;
W, 5496, 29, 2012/10/18, 23:48:43.351, 212257363883, QTAgent32.exe, FindNTopWindows : Search will be continued for 12000 even on failure
W, 5496, 29, 2012/10/18, 23:48:43.375, 212257422281, QTAgent32.exe, FindScreenElementInSinglePass : Attempting to find control in one pass of search. Failures can occur.
W, 5496, 29, 2012/10/18, 23:48:44.395, 212259904487, QTAgent32.exe, Playback - [WARNING] Internal warning:Search failure: [MSAA, VisibleOnly]ControlType='MenuBar' | [MSAA]ControlType='MenuItem' &amp;&amp; Name='File' | Performed (2) search retries, UI element not found
\0
E, 5496, 29, 2012/10/18, 23:48:44.395, 212259905026, QTAgent32.exe, &lt;a class=failure&gt;Playback - {70} [FAILED] Function ElementFetcher::FindScreenElement failed to locate UI element (Searching: ;[MSAA, VisibleOnly]ControlType='MenuBar';[MSAA]ControlType='MenuItem' &amp;&amp; Name='File';[MSAA]ControlType='MenuItem' &amp;&amp; Name='Save As...') (The object specified was not found.)
\0&lt;/a&gt;
E, 5496, 29, 2012/10/18, 23:48:44.498, 212260156421, QTAgent32.exe, Playback - [IMAGE] C:\Users\Weston\AppData\Local\Temp\UITestLogs\LastRun\RPFE3D3.png
\0
W, 5496, 29, 2012/10/18, 23:48:44.498, 212260157093, QTAgent32.exe, Playback - [WARNING] Internal warning: Couldn't find descendants that match QueryId
\0
W, 5496, 29, 2012/10/18, 23:48:44.499, 212260157672, QTAgent32.exe, PERF WARNING: FindAllDescendents: took 1119 ms. Expected it to take maximum 500 ms.
W, 5496, 29, 2012/10/18, 23:48:44.499, 212260158011, QTAgent32.exe, FindScreenElementInSinglePass : Attempting to find control in one pass of search. Failures can occur.
W, 5496, 29, 2012/10/18, 23:48:44.509, 212260182136, QTAgent32.exe, FindScreenElementInSinglePass : Attempting to find control in one pass of search. Failures can occur.
W, 5496, 29, 2012/10/18, 23:48:45.023, 212261433270, QTAgent32.exe, Playback - [WARNING] Internal warning: Target element "[MSAA]ControlType='MenuItem' &amp;&amp; Name='File'" was not found, so all intermediate elements were ignored. An incorrect element that matches target element Id can be found as the result.  Verify that all intermediate elements in QueryId have valid and unique Ids
\0
W, 5496, 29, 2012/10/18, 23:48:46.534, 212265110858, QTAgent32.exe, Playback - [WARNING] Internal warning:Search failure: [MSAA]ControlType='MenuItem' &amp;&amp; Name='File' | Performed (2) search retries, UI element not found
\0
E, 5496, 29, 2012/10/18, 23:48:46.534, 212265111257, QTAgent32.exe, &lt;a class=failure&gt;Playback - {71} [FAILED] Function ElementFetcher::FindScreenElement failed to locate UI element (Searching: ;[MSAA]ControlType='MenuItem' &amp;&amp; Name='File') (The object specified was not found.)
\0&lt;/a&gt;
E, 5496, 29, 2012/10/18, 23:48:46.630, 212265345390, QTAgent32.exe, Playback - [IMAGE] C:\Users\Weston\AppData\Local\Temp\UITestLogs\LastRun\RPFEC2E.png
\0
W, 5496, 29, 2012/10/18, 23:48:46.631, 212265345796, QTAgent32.exe, Playback - [WARNING] Internal warning: Couldn't find descendants that match QueryId
\0
W, 5496, 29, 2012/10/18, 23:48:46.631, 212265346284, QTAgent32.exe, PERF WARNING: FindAllDescendents: took 2117 ms. Expected it to take maximum 500 ms.
W, 5496, 29, 2012/10/18, 23:48:48.154, 212269053127, QTAgent32.exe, Playback - [WARNING] Internal warning: Target element "[MSAA]ControlType='MenuItem' &amp;&amp; Name='File'" was not found, so all intermediate elements were ignored. An incorrect element that matches target element Id can be found as the result.  Verify that all intermediate elements in QueryId have valid and unique Ids
\0
W, 5496, 29, 2012/10/18, 23:48:48.698, 212270374986, QTAgent32.exe, Playback - [WARNING] Internal warning: 2 UI elements have the same ElementIds.  Use "Instance = 'n'" to avoid this warning for: [MSAA, VisibleOnly]ControlType='MenuBar'
\0
W, 5496, 29, 2012/10/18, 23:48:48.733, 212270460342, QTAgent32.exe, PERF WARNING: FindAllDescendents: took 2096 ms. Expected it to take maximum 500 ms.
W, 5496, 29, 2012/10/18, 23:48:48.868, 212270788745, QTAgent32.exe, &lt;a class=success&gt;Playback - {72} [SUCCESS] LeftButtonClick  &lt; Mouse cursor location (60, 93) &gt;
\0&lt;/a&gt;
W, 5496, 29, 2012/10/18, 23:48:48.982, 212271066320, QTAgent32.exe, &lt;a class=success&gt;Playback - {73} [SUCCESS] LeftButtonClick - "[MSAA]ControlType='MenuItem' &amp;&amp; Name='File'"  &lt; Mouse cursor location (82, 93) &gt;
\0&lt;/a&gt;
W, 5496, 29, 2012/10/18, 23:48:49.174, 212271532878, QTAgent32.exe, &lt;a class=success&gt;Playback - {74} [SUCCESS] MouseButtonClick - "[MSAA]ControlType='MenuItem' &amp;&amp; Name='Save As...'"
\0&lt;/a&gt;
W, 5496, 29, 2012/10/18, 23:48:49.525, 212272387227, QTAgent32.exe, &lt;a class=success&gt;Playback - {75} [SUCCESS] MouseButtonClick - "[MSAA, VisibleOnly]ControlType='Button' &amp;&amp; Name='Cancel'"
\0&lt;/a&gt;
W, 5496, 29, 2012/10/18, 23:48:49.625, 212272630773, QTAgent32.exe, FindScreenElementInSinglePass : Attempting to find control in one pass of search. Failures can occur.
W, 5496, 29, 2012/10/18, 23:48:50.643, 212275107456, QTAgent32.exe, Playback - [WARNING] Internal warning:Search failure: [MSAA, VisibleOnly]ControlType='MenuBar' | [MSAA]ControlType='MenuItem' &amp;&amp; Name='File' | Performed (2) search retries, UI element not found
\0
E, 5496, 29, 2012/10/18, 23:48:50.643, 212275107987, QTAgent32.exe, &lt;a class=failure&gt;Playback - {76} [FAILED] Function ElementFetcher::FindScreenElement failed to locate UI element (Searching: ;[MSAA, VisibleOnly]ControlType='MenuBar';[MSAA]ControlType='MenuItem' &amp;&amp; Name='File';[MSAA]ControlType='MenuItem' &amp;&amp; Name='Close') (The object specified was not found.)
\0&lt;/a&gt;
E, 5496, 29, 2012/10/18, 23:48:50.746, 212275359129, QTAgent32.exe, Playback - [IMAGE] C:\Users\Weston\AppData\Local\Temp\UITestLogs\LastRun\RPFFC36.png
\0
W, 5496, 29, 2012/10/18, 23:48:50.746, 212275359546, QTAgent32.exe, Playback - [WARNING] Internal warning: Couldn't find descendants that match QueryId
\0
W, 5496, 29, 2012/10/18, 23:48:50.746, 212275360033, QTAgent32.exe, PERF WARNING: FindAllDescendents: took 1114 ms. Expected it to take maximum 500 ms.
W, 5496, 29, 2012/10/18, 23:48:50.747, 212275360356, QTAgent32.exe, FindScreenElementInSinglePass : Attempting to find control in one pass of search. Failures can occur.
W, 5496, 29, 2012/10/18, 23:48:50.756, 212275382214, QTAgent32.exe, FindScreenElementInSinglePass : Attempting to find control in one pass of search. Failures can occur.
W, 5496, 29, 2012/10/18, 23:48:51.268, 212276628592, QTAgent32.exe, Playback - [WARNING] Internal warning: Target element "[MSAA]ControlType='MenuItem' &amp;&amp; Name='File'" was not found, so all intermediate elements were ignored. An incorrect element that matches target element Id can be found as the result.  Verify that all intermediate elements in QueryId have valid and unique Ids
\0
W, 5496, 29, 2012/10/18, 23:48:52.778, 212280304364, QTAgent32.exe, Playback - [WARNING] Internal warning:Search failure: [MSAA]ControlType='MenuItem' &amp;&amp; Name='File' | Performed (2) search retries, UI element not found
\0
E, 5496, 29, 2012/10/18, 23:48:52.778, 212280304765, QTAgent32.exe, &lt;a class=failure&gt;Playback - {77} [FAILED] Function ElementFetcher::FindScreenElement failed to locate UI element (Searching: ;[MSAA]ControlType='MenuItem' &amp;&amp; Name='File') (The object specified was not found.)
\0&lt;/a&gt;
E, 5496, 29, 2012/10/18, 23:48:52.908, 212280620508, QTAgent32.exe, Playback - [IMAGE] C:\Users\Weston\AppData\Local\Temp\UITestLogs\LastRun\RPF490.png
\0
W, 5496, 29, 2012/10/18, 23:48:52.908, 212280620912, QTAgent32.exe, Playback - [WARNING] Internal warning: Couldn't find descendants that match QueryId
\0
W, 5496, 29, 2012/10/18, 23:48:52.908, 212280621400, QTAgent32.exe, PERF WARNING: FindAllDescendents: took 2147 ms. Expected it to take maximum 500 ms.
W, 5496, 29, 2012/10/18, 23:48:54.431, 212284326832, QTAgent32.exe, Playback - [WARNING] Internal warning: Target element "[MSAA]ControlType='MenuItem' &amp;&amp; Name='File'" was not found, so all intermediate elements were ignored. An incorrect element that matches target element Id can be found as the result.  Verify that all intermediate elements in QueryId have valid and unique Ids
\0
W, 5496, 29, 2012/10/18, 23:48:54.972, 212285644733, QTAgent32.exe, Playback - [WARNING] Internal warning: 2 UI elements have the same ElementIds.  Use "Instance = 'n'" to avoid this warning for: [MSAA, VisibleOnly]ControlType='MenuBar'
\0
W, 5496, 29, 2012/10/18, 23:48:55.008, 212285730416, QTAgent32.exe, PERF WARNING: FindAllDescendents: took 2094 ms. Expected it to take maximum 500 ms.
W, 5496, 29, 2012/10/18, 23:48:55.143, 212286059943, QTAgent32.exe, &lt;a class=success&gt;Playback - {78} [SUCCESS] LeftButtonClick  &lt; Mouse cursor location (60, 93) &gt;
\0&lt;/a&gt;
W, 5496, 29, 2012/10/18, 23:48:55.260, 212286343907, QTAgent32.exe, &lt;a class=success&gt;Playback - {79} [SUCCESS] LeftButtonClick - "[MSAA]ControlType='MenuItem' &amp;&amp; Name='File'"  &lt; Mouse cursor location (82, 93) &gt;
\0&lt;/a&gt;
W, 5496, 29, 2012/10/18, 23:48:55.446, 212286796980, QTAgent32.exe, &lt;a class=success&gt;Playback - {80} [SUCCESS] MouseButtonClick - "[MSAA]ControlType='MenuItem' &amp;&amp; Name='Close'"
\0&lt;/a&gt;
W, 5496, 29, 2012/10/18, 23:48:55.551, 212287053512, QTAgent32.exe, FindScreenElementInSinglePass : Attempting to find control in one pass of search. Failures can occur.
W, 5496, 29, 2012/10/18, 23:48:56.571, 212289534059, QTAgent32.exe, Playback - [WARNING] Internal warning:Search failure: [MSAA, VisibleOnly]ControlType='MenuBar' | [MSAA]ControlType='MenuItem' &amp;&amp; Name='File' | Performed (2) search retries, UI element not found
\0
E, 5496, 29, 2012/10/18, 23:48:56.571, 212289534599, QTAgent32.exe, &lt;a class=failure&gt;Playback - {81} [FAILED] Function ElementFetcher::FindScreenElement failed to locate UI element (Searching: ;[MSAA, VisibleOnly]ControlType='MenuBar';[MSAA]ControlType='MenuItem' &amp;&amp; Name='File';[MSAA]ControlType='MenuItem' &amp;&amp; Name='Close') (The object specified was not found.)
\0&lt;/a&gt;
E, 5496, 29, 2012/10/18, 23:48:56.669, 212289774554, QTAgent32.exe, Playback - [IMAGE] C:\Users\Weston\AppData\Local\Temp\UITestLogs\LastRun\RPF1360.png
\0
W, 5496, 29, 2012/10/18, 23:48:56.670, 212289774997, QTAgent32.exe, Playback - [WARNING] Internal warning: Couldn't find descendants that match QueryId
\0
W, 5496, 29, 2012/10/18, 23:48:56.670, 212289775496, QTAgent32.exe, PERF WARNING: FindAllDescendents: took 1113 ms. Expected it to take maximum 500 ms.
W, 5496, 29, 2012/10/18, 23:48:56.670, 212289775824, QTAgent32.exe, FindScreenElementInSinglePass : Attempting to find control in one pass of search. Failures can occur.
W, 5496, 29, 2012/10/18, 23:48:56.683, 212289808431, QTAgent32.exe, FindScreenElementInSinglePass : Attempting to find control in one pass of search. Failures can occur.
W, 5496, 29, 2012/10/18, 23:48:57.196, 212291055606, QTAgent32.exe, Playback - [WARNING] Internal warning: Target element "[MSAA]ControlType='MenuItem' &amp;&amp; Name='File'" was not found, so all intermediate elements were ignored. An incorrect element that matches target element Id can be found as the result.  Verify that all intermediate elements in QueryId have valid and unique Ids
\0
W, 5496, 29, 2012/10/18, 23:48:58.706, 212294730749, QTAgent32.exe, Playback - [WARNING] Internal warning:Search failure: [MSAA]ControlType='MenuItem' &amp;&amp; Name='File' | Performed (2) search retries, UI element not found
\0
E, 5496, 29, 2012/10/18, 23:48:58.706, 212294731148, QTAgent32.exe, &lt;a class=failure&gt;Playback - {82} [FAILED] Function ElementFetcher::FindScreenElement failed to locate UI element (Searching: ;[MSAA]ControlType='MenuItem' &amp;&amp; Name='File') (The object specified was not found.)
\0&lt;/a&gt;
E, 5496, 29, 2012/10/18, 23:48:58.815, 212294997149, QTAgent32.exe, Playback - [IMAGE] C:\Users\Weston\AppData\Local\Temp\UITestLogs\LastRun\RPF1BBA.png
\0
W, 5496, 29, 2012/10/18, 23:48:58.816, 212294997570, QTAgent32.exe, Playback - [WARNING] Internal warning: Couldn't find descendants that match QueryId
\0
W, 5496, 29, 2012/10/18, 23:48:58.816, 212294998084, QTAgent32.exe, PERF WARNING: FindAllDescendents: took 2127 ms. Expected it to take maximum 500 ms.
W, 5496, 29, 2012/10/18, 23:49:00.340, 212298706686, QTAgent32.exe, Playback - [WARNING] Internal warning: Target element "[MSAA]ControlType='MenuItem' &amp;&amp; Name='File'" was not found, so all intermediate elements were ignored. An incorrect element that matches target element Id can be found as the result.  Verify that all intermediate elements in QueryId have valid and unique Ids
\0
W, 5496, 29, 2012/10/18, 23:49:00.881, 212300023542, QTAgent32.exe, Playback - [WARNING] Internal warning: 2 UI elements have the same ElementIds.  Use "Instance = 'n'" to avoid this warning for: [MSAA, VisibleOnly]ControlType='MenuBar'
\0
W, 5496, 29, 2012/10/18, 23:49:00.915, 212300106359, QTAgent32.exe, PERF WARNING: FindAllDescendents: took 2092 ms. Expected it to take maximum 500 ms.
W, 5496, 29, 2012/10/18, 23:49:01.050, 212300434909, QTAgent32.exe, &lt;a class=success&gt;Playback - {83} [SUCCESS] LeftButtonClick  &lt; Mouse cursor location (185, 218) &gt;
\0&lt;/a&gt;
W, 5496, 29, 2012/10/18, 23:49:01.163, 212300710142, QTAgent32.exe, &lt;a class=success&gt;Playback - {84} [SUCCESS] LeftButtonClick - "[MSAA]ControlType='MenuItem' &amp;&amp; Name='File'"  &lt; Mouse cursor location (207, 218) &gt;
\0&lt;/a&gt;
W, 5496, 29, 2012/10/18, 23:49:01.348, 212301160291, QTAgent32.exe, &lt;a class=success&gt;Playback - {85} [SUCCESS] MouseButtonClick - "[MSAA]ControlType='MenuItem' &amp;&amp; Name='Close'"
\0&lt;/a&gt;
W, 5496, 29, 2012/10/18, 23:49:01.576, 212301715358, QTAgent32.exe, &lt;a class=success&gt;Playback - {86} [SUCCESS] MouseButtonClick - "[MSAA, VisibleOnly]ControlType='Button' &amp;&amp; Name='Yes'"
\0&lt;/a&gt;
W, 5496, 29, 2012/10/18, 23:49:01.689, 212301989845, QTAgent32.exe, IEDOM : StopSession of the plugin called before StartSession
W, 5496, 29, 2012/10/18, 23:49:01.689, 212301990095, QTAgent32.exe, UIA : StopSession of the plugin called before StartSession
</DebugTrace>
      </Output>
    </UnitTestResult>
  </Results>
</TestRun>