<?xml version="1.0" encoding="UTF-8"?>
<TestRun id="5ef2ee11-67ed-4046-9b10-851b0929a99b" name="Weston@THIGH-MASTER 2012-10-19 01:17:57" runUser="Thigh-Master\Weston" xmlns="http://microsoft.com/schemas/VisualStudio/TeamTest/2010">
  <TestSettings name="Local" id="5c5780c2-f12c-40a7-a531-d333c42774f3">
    <Description>These are default test settings for a local test run.</Description>
    <Deployment userDeploymentRoot="C:\Users\Weston\Documents\Visual Studio 2010\Projects\PS6\TestResults" useDefaultDeploymentRoot="false" runDeploymentRoot="Weston_THIGH-MASTER 2012-10-19 01_17_57" />
    <Execution>
      <TestTypeSpecific>
        <UnitTestRunConfig testTypeId="13cdc9d9-ddb5-4fa4-a97d-d965ccfc6d4b">
          <AssemblyResolution>
            <TestDirectory useLoadContext="true" />
          </AssemblyResolution>
        </UnitTestRunConfig>
        <WebTestRunConfiguration testTypeId="4e7599fa-5ecb-43e9-a887-cd63cf72d207">
          <Browser name="Internet Explorer 7.0">
            <Headers>
              <Header name="User-Agent" value="Mozilla/4.0 (compatible; MSIE 7.0; Windows NT 5.1)" />
              <Header name="Accept" value="*/*" />
              <Header name="Accept-Language" value="{{$IEAcceptLanguage}}" />
              <Header name="Accept-Encoding" value="GZIP" />
            </Headers>
          </Browser>
        </WebTestRunConfiguration>
      </TestTypeSpecific>
      <AgentRule name="LocalMachineDefaultRole">
        <DataCollectors>
          <DataCollector uri="datacollector://microsoft/CodeCoverage/1.0" assemblyQualifiedName="Microsoft.VisualStudio.TestTools.CodeCoverage.CoveragePlugIn, Microsoft.VisualStudio.QualityTools.Plugins.CodeCoverage, Version=10.0.0.0, Culture=neutral, PublicKeyToken=b03f5f7f11d50a3a" friendlyName="Code Coverage">
            <Configuration>
              <CodeCoverage xmlns="">
                <Regular>
                  <CodeCoverageItem binaryFile="C:\Users\Weston\Documents\Visual Studio 2010\Projects\PS6\SpreadsheetGUI\bin\Debug\SpreadsheetGUI.exe" pdbFile="C:\Users\Weston\Documents\Visual Studio 2010\Projects\PS6\SpreadsheetGUI\bin\Debug\SpreadsheetGUI.instr.pdb" instrumentInPlace="true" />
                </Regular>
              </CodeCoverage>
            </Configuration>
          </DataCollector>
        </DataCollectors>
      </AgentRule>
    </Execution>
  </TestSettings>
  <Times creation="2012-10-19T01:17:57.8459751-06:00" queuing="2012-10-19T01:17:58.1709937-06:00" start="2012-10-19T01:17:58.2139961-06:00" finish="2012-10-19T01:18:03.6653079-06:00" />
  <ResultSummary outcome="Aborted">
    <Counters total="1" executed="1" error="0" failed="0" timeout="0" aborted="1" inconclusive="0" passedButRunAborted="0" notRunnable="0" notExecuted="0" disconnected="0" warning="0" passed="0" completed="0" inProgress="0" pending="0" />
    <ResultFiles>
      <ResultFile path="THIGH-MASTER\data.coverage" />
    </ResultFiles>
  </ResultSummary>
  <TestDefinitions>
    <UnitTest name="CodedUITestMethod1" storage="c:\users\weston\documents\visual studio 2010\projects\ps6\codeduitest\bin\debug\codeduitest.dll" id="152faad7-080b-7cab-1f47-a8577e18926c">
      <Execution id="e64263da-8ea6-4b95-a103-b1a38916aabd" />
      <TestMethod codeBase="C:/Users/Weston/Documents/Visual Studio 2010/Projects/PS6/CodedUITest/bin/Debug/CodedUITest.DLL" adapterTypeName="Microsoft.VisualStudio.TestTools.TestTypes.Unit.UnitTestAdapter, Microsoft.VisualStudio.QualityTools.Tips.UnitTest.Adapter, Version=10.0.0.0, Culture=neutral, PublicKeyToken=b03f5f7f11d50a3a" className="CodedUITest.CodedUITest, CodedUITest, Version=1.0.0.0, Culture=neutral, PublicKeyToken=null" name="CodedUITestMethod1" />
      <Extension>Microsoft.VisualStudio.TestTools.UITesting.CodedUITestAttribute, Microsoft.VisualStudio.QualityTools.CodedUITestFramework, Version=10.0.0.0, Culture=neutral, PublicKeyToken=b03f5f7f11d50a3a</Extension>
    </UnitTest>
  </TestDefinitions>
  <TestLists>
    <TestList name="Results Not in a List" id="8c84fa94-04c1-424b-9868-57a2d4851a1d" />
    <TestList name="All Loaded Results" id="19431567-8539-422a-85d7-44ee4e166bda" />
  </TestLists>
  <TestEntries>
    <TestEntry testId="152faad7-080b-7cab-1f47-a8577e18926c" executionId="e64263da-8ea6-4b95-a103-b1a38916aabd" testListId="8c84fa94-04c1-424b-9868-57a2d4851a1d" />
  </TestEntries>
  <Results>
    <UnitTestResult executionId="e64263da-8ea6-4b95-a103-b1a38916aabd" testId="152faad7-080b-7cab-1f47-a8577e18926c" testName="CodedUITestMethod1" computerName="THIGH-MASTER" duration="00:00:03.3411911" startTime="2012-10-19T01:17:58.8000297-06:00" endTime="2012-10-19T01:18:02.1412208-06:00" testType="13cdc9d9-ddb5-4fa4-a97d-d965ccfc6d4b" outcome="Aborted" testListId="8c84fa94-04c1-424b-9868-57a2d4851a1d" relativeResultsDirectory="e64263da-8ea6-4b95-a103-b1a38916aabd">
      <Output>
        <DebugTrace>E, 6888, 15, 2012/10/19, 01:17:59.989, 225292751274, QTAgent32.exe, LoadLibrary() : Unable to find the resource 37382 from assembly C:\Windows\system32\en-US\ieframe.dll.mui: Error1814
E, 6888, 15, 2012/10/19, 01:17:59.990, 225292753745, QTAgent32.exe, LoadLibrary() : Unable to find the resource 41728 from assembly C:\Windows\system32\en-US\ieframe.dll.mui: Error1814
E, 6888, 15, 2012/10/19, 01:17:59.990, 225292754042, QTAgent32.exe, LoadLibrary() : Unable to find the resource 8131 from assembly C:\Windows\system32\en-US\ieframe.dll.mui: Error1814
E, 6888, 15, 2012/10/19, 01:17:59.990, 225292754357, QTAgent32.exe, LoadLibrary() : Unable to find the resource 8131 from assembly C:\Windows\system32\en-US\ieframe.dll.mui: Error1814
E, 6888, 15, 2012/10/19, 01:17:59.990, 225292754784, QTAgent32.exe, LoadLibrary() : Unable to find the resource 8131 from assembly C:\Windows\system32\en-US\ieframe.dll.mui: Error1814
E, 6888, 15, 2012/10/19, 01:17:59.990, 225292755344, QTAgent32.exe, LoadLibrary() : Unable to find the resource 803 from assembly C:\Windows\system32\en-US\user32.dll.mui: Error1814
W, 6888, 15, 2012/10/19, 01:18:00.297, 225293502516, QTAgent32.exe, &lt;a class=success&gt;Playback - {1} [SUCCESS] SetValueAsEditBox "2" - "[MSAA, VisibleOnly]ControlType='Edit'"  &lt; Set via SendKeys &gt;
\0&lt;/a&gt;
W, 6888, 15, 2012/10/19, 01:18:00.548, 225294112843, QTAgent32.exe, &lt;a class=success&gt;Playback - {2} [SUCCESS] SendKeys "{Enter}" - "[MSAA, VisibleOnly]ControlType='Edit'"
\0&lt;/a&gt;
E, 6888, 15, 2012/10/19, 01:18:00.828, 225294794029, QTAgent32.exe, GetClassName for handle 5309558 failed
E, 6888, 15, 2012/10/19, 01:18:00.828, 225294794553, QTAgent32.exe, GetClassName for handle 1378048 failed
E, 6888, 15, 2012/10/19, 01:18:00.830, 225294798350, QTAgent32.exe, Window 1378048 not responding. Last Win32 error 1400
E, 6888, 15, 2012/10/19, 01:18:00.830, 225294798912, QTAgent32.exe, GetClassName for handle 5309558 failed
E, 6888, 15, 2012/10/19, 01:18:00.830, 225294799062, QTAgent32.exe, Window 5309558 not responding. Last Win32 error 1400
E, 6888, 15, 2012/10/19, 01:18:00.943, 225295072734, QTAgent32.exe, Window 5309558 not responding. Last Win32 error 1400
E, 6888, 15, 2012/10/19, 01:18:00.943, 225295073336, QTAgent32.exe, GetClassName for handle 1378048 failed
W, 6888, 15, 2012/10/19, 01:18:01.275, 225295882048, QTAgent32.exe, Playback - [WARNING] Internal warning: Window Not Found: [VisibleOnly]ControlType='Window' &amp;&amp; Name='Spreadsheet' &amp;&amp; ClassName=&gt;'WindowsForms10.Window'
\0
E, 6888, 15, 2012/10/19, 01:18:01.275, 225295882457, QTAgent32.exe, &lt;a class=failure&gt;Playback - {3} [FAILED] Function ElementFetcher::FindScreenElement failed to locate UI element (Searching: ;[VisibleOnly]ControlType='Window' &amp;&amp; Name='Spreadsheet' &amp;&amp; ClassName=&gt;'WindowsForms10.Window') (The object specified was not found.)
\0&lt;/a&gt;
E, 6888, 15, 2012/10/19, 01:18:01.361, 225296091374, QTAgent32.exe, Playback - [IMAGE] C:\Users\Weston\AppData\Local\Temp\UITestLogs\LastRun\RPFA0FC.png
\0
W, 6888, 15, 2012/10/19, 01:18:01.361, 225296091800, QTAgent32.exe, Playback - [WARNING] Internal warning: Couldn't find descendants that match QueryId
\0
</DebugTrace>
        <ErrorInfo>
          <Message>User aborted test run.</Message>
        </ErrorInfo>
      </Output>
      <ResultFiles>
        <ResultFile path="THIGH-MASTER\CodedUITestMethod1.png" />
      </ResultFiles>
    </UnitTestResult>
  </Results>
</TestRun>