<?xml version="1.0" encoding="UTF-8"?>
<TestRun id="d5e70a29-674b-40c3-92f8-28f0cf73bd23" name="Weston@THIGH-MASTER 2012-10-19 01:19:04" runUser="Thigh-Master\Weston" xmlns="http://microsoft.com/schemas/VisualStudio/TeamTest/2010">
  <TestSettings name="Local" id="5c5780c2-f12c-40a7-a531-d333c42774f3">
    <Description>These are default test settings for a local test run.</Description>
    <Deployment userDeploymentRoot="C:\Users\Weston\Documents\Visual Studio 2010\Projects\PS6\TestResults" useDefaultDeploymentRoot="false" runDeploymentRoot="Weston_THIGH-MASTER 2012-10-19 01_19_04" />
    <Execution>
      <TestTypeSpecific>
        <UnitTestRunConfig testTypeId="13cdc9d9-ddb5-4fa4-a97d-d965ccfc6d4b">
          <AssemblyResolution>
            <TestDirectory useLoadContext="true" />
          </AssemblyResolution>
        </UnitTestRunConfig>
        <WebTestRunConfiguration testTypeId="4e7599fa-5ecb-43e9-a887-cd63cf72d207">
          <Browser name="Internet Explorer 7.0">
            <Headers>
              <Header name="User-Agent" value="Mozilla/4.0 (compatible; MSIE 7.0; Windows NT 5.1)" />
              <Header name="Accept" value="*/*" />
              <Header name="Accept-Language" value="{{$IEAcceptLanguage}}" />
              <Header name="Accept-Encoding" value="GZIP" />
            </Headers>
          </Browser>
        </WebTestRunConfiguration>
      </TestTypeSpecific>
      <AgentRule name="LocalMachineDefaultRole">
        <DataCollectors>
          <DataCollector uri="datacollector://microsoft/CodeCoverage/1.0" assemblyQualifiedName="Microsoft.VisualStudio.TestTools.CodeCoverage.CoveragePlugIn, Microsoft.VisualStudio.QualityTools.Plugins.CodeCoverage, Version=10.0.0.0, Culture=neutral, PublicKeyToken=b03f5f7f11d50a3a" friendlyName="Code Coverage">
            <Configuration>
              <CodeCoverage xmlns="">
                <Regular>
                  <CodeCoverageItem binaryFile="C:\Users\Weston\Documents\Visual Studio 2010\Projects\PS6\SpreadsheetGUI\bin\Debug\SpreadsheetGUI.exe" pdbFile="C:\Users\Weston\Documents\Visual Studio 2010\Projects\PS6\SpreadsheetGUI\bin\Debug\SpreadsheetGUI.instr.pdb" instrumentInPlace="true" />
                </Regular>
              </CodeCoverage>
            </Configuration>
          </DataCollector>
        </DataCollectors>
      </AgentRule>
    </Execution>
  </TestSettings>
  <Times creation="2012-10-19T01:19:04.6847980-06:00" queuing="2012-10-19T01:19:04.9738146-06:00" start="2012-10-19T01:19:05.0108167-06:00" finish="2012-10-19T01:19:17.0045027-06:00" />
  <ResultSummary outcome="Aborted">
    <Counters total="1" executed="1" error="0" failed="0" timeout="0" aborted="1" inconclusive="0" passedButRunAborted="0" notRunnable="0" notExecuted="0" disconnected="0" warning="0" passed="0" completed="0" inProgress="0" pending="0" />
    <ResultFiles>
      <ResultFile path="THIGH-MASTER\data.coverage" />
    </ResultFiles>
  </ResultSummary>
  <TestDefinitions>
    <UnitTest name="CodedUITestMethod1" storage="c:\users\weston\documents\visual studio 2010\projects\ps6\codeduitest\bin\debug\codeduitest.dll" id="152faad7-080b-7cab-1f47-a8577e18926c">
      <Execution id="7fee1ba5-30de-4099-bf4d-2bc30dc30688" />
      <TestMethod codeBase="C:/Users/Weston/Documents/Visual Studio 2010/Projects/PS6/CodedUITest/bin/Debug/CodedUITest.DLL" adapterTypeName="Microsoft.VisualStudio.TestTools.TestTypes.Unit.UnitTestAdapter, Microsoft.VisualStudio.QualityTools.Tips.UnitTest.Adapter, Version=10.0.0.0, Culture=neutral, PublicKeyToken=b03f5f7f11d50a3a" className="CodedUITest.CodedUITest, CodedUITest, Version=1.0.0.0, Culture=neutral, PublicKeyToken=null" name="CodedUITestMethod1" />
      <Extension>Microsoft.VisualStudio.TestTools.UITesting.CodedUITestAttribute, Microsoft.VisualStudio.QualityTools.CodedUITestFramework, Version=10.0.0.0, Culture=neutral, PublicKeyToken=b03f5f7f11d50a3a</Extension>
    </UnitTest>
  </TestDefinitions>
  <TestLists>
    <TestList name="Results Not in a List" id="8c84fa94-04c1-424b-9868-57a2d4851a1d" />
    <TestList name="All Loaded Results" id="19431567-8539-422a-85d7-44ee4e166bda" />
  </TestLists>
  <TestEntries>
    <TestEntry testId="152faad7-080b-7cab-1f47-a8577e18926c" executionId="7fee1ba5-30de-4099-bf4d-2bc30dc30688" testListId="8c84fa94-04c1-424b-9868-57a2d4851a1d" />
  </TestEntries>
  <Results>
    <UnitTestResult executionId="7fee1ba5-30de-4099-bf4d-2bc30dc30688" testId="152faad7-080b-7cab-1f47-a8577e18926c" testName="CodedUITestMethod1" computerName="THIGH-MASTER" duration="00:00:09.9385685" startTime="2012-10-19T01:19:05.5758490-06:00" endTime="2012-10-19T01:19:15.5144175-06:00" testType="13cdc9d9-ddb5-4fa4-a97d-d965ccfc6d4b" outcome="Aborted" testListId="8c84fa94-04c1-424b-9868-57a2d4851a1d" relativeResultsDirectory="7fee1ba5-30de-4099-bf4d-2bc30dc30688">
      <Output>
        <DebugTrace>E, 4024, 15, 2012/10/19, 01:19:06.780, 225455289302, QTAgent32.exe, LoadLibrary() : Unable to find the resource 37382 from assembly C:\Windows\system32\en-US\ieframe.dll.mui: Error1814
E, 4024, 15, 2012/10/19, 01:19:06.781, 225455291817, QTAgent32.exe, LoadLibrary() : Unable to find the resource 41728 from assembly C:\Windows\system32\en-US\ieframe.dll.mui: Error1814
E, 4024, 15, 2012/10/19, 01:19:06.781, 225455292113, QTAgent32.exe, LoadLibrary() : Unable to find the resource 8131 from assembly C:\Windows\system32\en-US\ieframe.dll.mui: Error1814
E, 4024, 15, 2012/10/19, 01:19:06.781, 225455292376, QTAgent32.exe, LoadLibrary() : Unable to find the resource 8131 from assembly C:\Windows\system32\en-US\ieframe.dll.mui: Error1814
E, 4024, 15, 2012/10/19, 01:19:06.781, 225455292886, QTAgent32.exe, LoadLibrary() : Unable to find the resource 8131 from assembly C:\Windows\system32\en-US\ieframe.dll.mui: Error1814
E, 4024, 15, 2012/10/19, 01:19:06.781, 225455293505, QTAgent32.exe, LoadLibrary() : Unable to find the resource 803 from assembly C:\Windows\system32\en-US\user32.dll.mui: Error1814
W, 4024, 15, 2012/10/19, 01:19:07.066, 225455987049, QTAgent32.exe, &lt;a class=success&gt;Playback - {1} [SUCCESS] SetValueAsEditBox "2" - "[MSAA, VisibleOnly]ControlType='Edit'"  &lt; Set via SendKeys &gt;
\0&lt;/a&gt;
W, 4024, 15, 2012/10/19, 01:19:07.311, 225456581826, QTAgent32.exe, &lt;a class=success&gt;Playback - {2} [SUCCESS] SendKeys "{Enter}" - "[MSAA, VisibleOnly]ControlType='Edit'"
\0&lt;/a&gt;
W, 4024, 15, 2012/10/19, 01:19:07.667, 225457448333, QTAgent32.exe, &lt;a class=success&gt;Playback - {3} [SUCCESS] MouseButtonClick - "[MSAA, VisibleOnly]ControlType='Client'"
\0&lt;/a&gt;
W, 4024, 15, 2012/10/19, 01:19:08.220, 225458791156, QTAgent32.exe, &lt;a class=success&gt;Playback - {4} [SUCCESS] SetValueAsEditBox "string yes" - "[MSAA, VisibleOnly]ControlType='Edit'"  &lt; Set via SendKeys &gt;
\0&lt;/a&gt;
W, 4024, 15, 2012/10/19, 01:19:08.459, 225459373858, QTAgent32.exe, &lt;a class=success&gt;Playback - {5} [SUCCESS] SendKeys "{Enter}" - "[MSAA, VisibleOnly]ControlType='Edit'"
\0&lt;/a&gt;
W, 4024, 15, 2012/10/19, 01:19:08.696, 225459949967, QTAgent32.exe, &lt;a class=success&gt;Playback - {6} [SUCCESS] MouseButtonClick - "[MSAA, VisibleOnly]ControlType='Client'"
\0&lt;/a&gt;
W, 4024, 15, 2012/10/19, 01:19:09.158, 225461073692, QTAgent32.exe, &lt;a class=success&gt;Playback - {7} [SUCCESS] SetValueAsEditBox "=3+4" - "[MSAA, VisibleOnly]ControlType='Edit'"  &lt; Set via SendKeys &gt;
\0&lt;/a&gt;
W, 4024, 15, 2012/10/19, 01:19:09.408, 225461683716, QTAgent32.exe, &lt;a class=success&gt;Playback - {8} [SUCCESS] SendKeys "{Enter}" - "[MSAA, VisibleOnly]ControlType='Edit'"
\0&lt;/a&gt;
W, 4024, 15, 2012/10/19, 01:19:09.643, 225462256285, QTAgent32.exe, &lt;a class=success&gt;Playback - {9} [SUCCESS] MouseButtonClick - "[MSAA, VisibleOnly]ControlType='Client'"
\0&lt;/a&gt;
W, 4024, 15, 2012/10/19, 01:19:10.086, 225463332171, QTAgent32.exe, &lt;a class=success&gt;Playback - {10} [SUCCESS] SetValueAsEditBox "=a1" - "[MSAA, VisibleOnly]ControlType='Edit'"  &lt; Set via SendKeys &gt;
\0&lt;/a&gt;
W, 4024, 15, 2012/10/19, 01:19:10.347, 225463968372, QTAgent32.exe, &lt;a class=success&gt;Playback - {11} [SUCCESS] SendKeys "{Enter}" - "[MSAA, VisibleOnly]ControlType='Edit'"
\0&lt;/a&gt;
W, 4024, 15, 2012/10/19, 01:19:11.980, 225467941681, QTAgent32.exe, Playback - [WARNING] Internal warning: Target element "[MSAA]ControlType='MenuItem' &amp;&amp; Name='Help'" was not found, so all intermediate elements were ignored. An incorrect element that matches target element Id can be found as the result.  Verify that all intermediate elements in QueryId have valid and unique Ids
\0
W, 4024, 15, 2012/10/19, 01:19:12.527, 225469274436, QTAgent32.exe, Playback - [WARNING] Internal warning: 2 UI elements have the same ElementIds.  Use "Instance = 'n'" to avoid this warning for: [MSAA, VisibleOnly]ControlType='MenuBar'
\0
W, 4024, 15, 2012/10/19, 01:19:12.564, 225469364041, QTAgent32.exe, PERF WARNING: FindAllDescendents: took 2102 ms. Expected it to take maximum 500 ms.
W, 4024, 15, 2012/10/19, 01:19:12.702, 225469699856, QTAgent32.exe, &lt;a class=success&gt;Playback - {12} [SUCCESS] MouseButtonClick - "[MSAA]ControlType='MenuItem' &amp;&amp; Name='Help'"
\0&lt;/a&gt;
W, 4024, 15, 2012/10/19, 01:19:13.032, 225470503740, QTAgent32.exe, Playback - [WARNING] Internal warning: Window Not Found: [VisibleOnly]ControlType='Window' &amp;&amp; Name='To open a new spreadsheet, select File &gt; New.
To open an existing spreadsheet, select File &gt; Open.
To save a spreadsheet, select File &gt; Save.
To save a spreadsheet to a new location, select File &gt; Save As...
To close a spreadsheet, select File &gt; Close.

To select a new cell, click the box in it\'s row and column.

To edit a cell\'s contents, click the Content Text Box in the upper right of the spreadsheet, edit, then press the enter key.

Content formats this spreadsheet accepts:
      Strings (Hello world, Type here, Etc...)
      Doubles (2, 1.0, .031)
      Formulas (=2+3, =A1 * (10 + 2), =J31/u7 + a1 * 3)' &amp;&amp; ClassName='Static'
\0
E, 4024, 15, 2012/10/19, 01:19:13.033, 225470504248, QTAgent32.exe, &lt;a class=failure&gt;Playback - {13} [FAILED] Function ElementFetcher::FindScreenElement failed to locate UI element (Searching: ;[VisibleOnly]ControlType='Window' &amp;&amp; Name='To open a new spreadsheet, select File &gt; New.
To open an existing spreadsheet, select File &gt; Open.
To save a spreadsheet, select File &gt; Save.
To save a spreadsheet to a new location, select File &gt; Save As...
To close a spreadsheet, select File &gt; Close.

To select a new cell, click the box in it\'s row and column.

To edit a cell\'s contents, click the Content Text Box in the upper right of the spreadsheet, edit, then press the enter key.

Content formats this spreadsheet accepts:
      Strings (Hello world, Type here, Etc...)
      Doubles (2, 1.0, .031)
      Formulas (=2+3, =A1 * (10 + 2), =J31/u7 + a1 * 3)' &amp;&amp; ClassName='Static') (The object specified was not found.)
\0&lt;/a&gt;
E, 4024, 15, 2012/10/19, 01:19:13.124, 225470725651, QTAgent32.exe, Playback - [IMAGE] C:\Users\Weston\AppData\Local\Temp\UITestLogs\LastRun\RPFB94C.png
\0
W, 4024, 15, 2012/10/19, 01:19:13.124, 225470726112, QTAgent32.exe, Playback - [WARNING] Internal warning: Couldn't find descendants that match QueryId
\0
</DebugTrace>
        <ErrorInfo>
          <Message>User aborted test run.</Message>
        </ErrorInfo>
      </Output>
      <ResultFiles>
        <ResultFile path="THIGH-MASTER\CodedUITestMethod1.png" />
      </ResultFiles>
    </UnitTestResult>
  </Results>
</TestRun>