<?xml version="1.0" encoding="UTF-8"?>
<TestRun id="7274d799-2f4d-4882-a41a-e9a8fed311c2" name="Weston@THIGH-MASTER 2012-10-19 00:14:22" runUser="Thigh-Master\Weston" xmlns="http://microsoft.com/schemas/VisualStudio/TeamTest/2010">
  <TestSettings name="Local" id="5c5780c2-f12c-40a7-a531-d333c42774f3">
    <Description>These are default test settings for a local test run.</Description>
    <Deployment userDeploymentRoot="C:\Users\Weston\Documents\Visual Studio 2010\Projects\PS6\TestResults" useDefaultDeploymentRoot="false" runDeploymentRoot="Weston_THIGH-MASTER 2012-10-19 00_14_22" />
    <Execution>
      <TestTypeSpecific>
        <UnitTestRunConfig testTypeId="13cdc9d9-ddb5-4fa4-a97d-d965ccfc6d4b">
          <AssemblyResolution>
            <TestDirectory useLoadContext="true" />
          </AssemblyResolution>
        </UnitTestRunConfig>
        <WebTestRunConfiguration testTypeId="4e7599fa-5ecb-43e9-a887-cd63cf72d207">
          <Browser name="Internet Explorer 7.0">
            <Headers>
              <Header name="User-Agent" value="Mozilla/4.0 (compatible; MSIE 7.0; Windows NT 5.1)" />
              <Header name="Accept" value="*/*" />
              <Header name="Accept-Language" value="{{$IEAcceptLanguage}}" />
              <Header name="Accept-Encoding" value="GZIP" />
            </Headers>
          </Browser>
        </WebTestRunConfiguration>
      </TestTypeSpecific>
      <AgentRule name="LocalMachineDefaultRole">
      </AgentRule>
    </Execution>
  </TestSettings>
  <Times creation="2012-10-19T00:14:22.5987554-06:00" queuing="2012-10-19T00:14:22.6957610-06:00" start="2012-10-19T00:14:22.7117619-06:00" finish="2012-10-19T00:15:00.1149012-06:00" />
  <ResultSummary outcome="Failed">
    <Counters total="1" executed="1" error="0" failed="1" timeout="0" aborted="0" inconclusive="0" passedButRunAborted="0" notRunnable="0" notExecuted="0" disconnected="0" warning="0" passed="0" completed="0" inProgress="0" pending="0" />
  </ResultSummary>
  <TestDefinitions>
    <UnitTest name="CodedUITestMethod1" storage="c:\users\weston\documents\visual studio 2010\projects\ps6\codeduitest\bin\debug\codeduitest.dll" id="152faad7-080b-7cab-1f47-a8577e18926c">
      <Execution id="942beaa8-8f99-417c-8217-0e52d24f3ff3" />
      <TestMethod codeBase="C:/Users/Weston/Documents/Visual Studio 2010/Projects/PS6/CodedUITest/bin/Debug/CodedUITest.DLL" adapterTypeName="Microsoft.VisualStudio.TestTools.TestTypes.Unit.UnitTestAdapter, Microsoft.VisualStudio.QualityTools.Tips.UnitTest.Adapter, Version=10.0.0.0, Culture=neutral, PublicKeyToken=b03f5f7f11d50a3a" className="CodedUITest.CodedUITest, CodedUITest, Version=1.0.0.0, Culture=neutral, PublicKeyToken=null" name="CodedUITestMethod1" />
      <Extension>Microsoft.VisualStudio.TestTools.UITesting.CodedUITestAttribute, Microsoft.VisualStudio.QualityTools.CodedUITestFramework, Version=10.0.0.0, Culture=neutral, PublicKeyToken=b03f5f7f11d50a3a</Extension>
    </UnitTest>
  </TestDefinitions>
  <TestLists>
    <TestList name="Results Not in a List" id="8c84fa94-04c1-424b-9868-57a2d4851a1d" />
    <TestList name="All Loaded Results" id="19431567-8539-422a-85d7-44ee4e166bda" />
  </TestLists>
  <TestEntries>
    <TestEntry testId="152faad7-080b-7cab-1f47-a8577e18926c" executionId="942beaa8-8f99-417c-8217-0e52d24f3ff3" testListId="8c84fa94-04c1-424b-9868-57a2d4851a1d" />
  </TestEntries>
  <Results>
    <UnitTestResult executionId="942beaa8-8f99-417c-8217-0e52d24f3ff3" testId="152faad7-080b-7cab-1f47-a8577e18926c" testName="CodedUITestMethod1" computerName="THIGH-MASTER" duration="00:00:37.1302032" startTime="2012-10-19T00:14:22.7147621-06:00" endTime="2012-10-19T00:15:00.0949001-06:00" testType="13cdc9d9-ddb5-4fa4-a97d-d965ccfc6d4b" outcome="Failed" testListId="8c84fa94-04c1-424b-9868-57a2d4851a1d" relativeResultsDirectory="942beaa8-8f99-417c-8217-0e52d24f3ff3">
      <Output>
        <DebugTrace>E, 6988, 18, 2012/10/19, 00:14:23.889, 216006267032, QTAgent32.exe, LoadLibrary() : Unable to find the resource 37382 from assembly C:\Windows\system32\en-US\ieframe.dll.mui: Error1814
E, 6988, 18, 2012/10/19, 00:14:23.890, 216006269473, QTAgent32.exe, LoadLibrary() : Unable to find the resource 41728 from assembly C:\Windows\system32\en-US\ieframe.dll.mui: Error1814
E, 6988, 18, 2012/10/19, 00:14:23.890, 216006269773, QTAgent32.exe, LoadLibrary() : Unable to find the resource 8131 from assembly C:\Windows\system32\en-US\ieframe.dll.mui: Error1814
E, 6988, 18, 2012/10/19, 00:14:23.890, 216006270051, QTAgent32.exe, LoadLibrary() : Unable to find the resource 8131 from assembly C:\Windows\system32\en-US\ieframe.dll.mui: Error1814
E, 6988, 18, 2012/10/19, 00:14:23.890, 216006270512, QTAgent32.exe, LoadLibrary() : Unable to find the resource 8131 from assembly C:\Windows\system32\en-US\ieframe.dll.mui: Error1814
E, 6988, 18, 2012/10/19, 00:14:23.891, 216006271116, QTAgent32.exe, LoadLibrary() : Unable to find the resource 803 from assembly C:\Windows\system32\en-US\user32.dll.mui: Error1814
W, 6988, 18, 2012/10/19, 00:14:24.192, 216007005588, QTAgent32.exe, &lt;a class=success&gt;Playback - {1} [SUCCESS] SetValueAsEditBox "2" - "[MSAA, VisibleOnly]ControlType='Edit'"  &lt; Set via SendKeys &gt;
\0&lt;/a&gt;
W, 6988, 18, 2012/10/19, 00:14:24.438, 216007602383, QTAgent32.exe, &lt;a class=success&gt;Playback - {2} [SUCCESS] SendKeys "{Enter}" - "[MSAA, VisibleOnly]ControlType='Edit'"
\0&lt;/a&gt;
W, 6988, 18, 2012/10/19, 00:14:24.792, 216008464151, QTAgent32.exe, &lt;a class=success&gt;Playback - {3} [SUCCESS] MouseButtonClick - "[MSAA, VisibleOnly]ControlType='Client'"
\0&lt;/a&gt;
W, 6988, 18, 2012/10/19, 00:14:25.375, 216009882731, QTAgent32.exe, &lt;a class=success&gt;Playback - {4} [SUCCESS] SetValueAsEditBox "string yes" - "[MSAA, VisibleOnly]ControlType='Edit'"  &lt; Set via SendKeys &gt;
\0&lt;/a&gt;
W, 6988, 18, 2012/10/19, 00:14:25.628, 216010499063, QTAgent32.exe, &lt;a class=success&gt;Playback - {5} [SUCCESS] SendKeys "{Enter}" - "[MSAA, VisibleOnly]ControlType='Edit'"
\0&lt;/a&gt;
W, 6988, 18, 2012/10/19, 00:14:25.863, 216011071041, QTAgent32.exe, &lt;a class=success&gt;Playback - {6} [SUCCESS] MouseButtonClick - "[MSAA, VisibleOnly]ControlType='Client'"
\0&lt;/a&gt;
W, 6988, 18, 2012/10/19, 00:14:26.332, 216012211561, QTAgent32.exe, &lt;a class=success&gt;Playback - {7} [SUCCESS] SetValueAsEditBox "=3+4" - "[MSAA, VisibleOnly]ControlType='Edit'"  &lt; Set via SendKeys &gt;
\0&lt;/a&gt;
W, 6988, 18, 2012/10/19, 00:14:26.583, 216012824148, QTAgent32.exe, &lt;a class=success&gt;Playback - {8} [SUCCESS] SendKeys "{Enter}" - "[MSAA, VisibleOnly]ControlType='Edit'"
\0&lt;/a&gt;
W, 6988, 18, 2012/10/19, 00:14:26.820, 216013399775, QTAgent32.exe, &lt;a class=success&gt;Playback - {9} [SUCCESS] MouseButtonClick - "[MSAA, VisibleOnly]ControlType='Client'"
\0&lt;/a&gt;
W, 6988, 18, 2012/10/19, 00:14:27.265, 216014479787, QTAgent32.exe, &lt;a class=success&gt;Playback - {10} [SUCCESS] SetValueAsEditBox "=a1" - "[MSAA, VisibleOnly]ControlType='Edit'"  &lt; Set via SendKeys &gt;
\0&lt;/a&gt;
W, 6988, 18, 2012/10/19, 00:14:27.539, 216015147427, QTAgent32.exe, &lt;a class=success&gt;Playback - {11} [SUCCESS] SendKeys "{Enter}" - "[MSAA, VisibleOnly]ControlType='Edit'"
\0&lt;/a&gt;
W, 6988, 18, 2012/10/19, 00:14:29.175, 216019128190, QTAgent32.exe, Playback - [WARNING] Internal warning: Target element "[MSAA]ControlType='MenuItem' &amp;&amp; Name='Help'" was not found, so all intermediate elements were ignored. An incorrect element that matches target element Id can be found as the result.  Verify that all intermediate elements in QueryId have valid and unique Ids
\0
W, 6988, 18, 2012/10/19, 00:14:29.721, 216020457232, QTAgent32.exe, Playback - [WARNING] Internal warning: 2 UI elements have the same ElementIds.  Use "Instance = 'n'" to avoid this warning for: [MSAA, VisibleOnly]ControlType='MenuBar'
\0
W, 6988, 18, 2012/10/19, 00:14:29.758, 216020547260, QTAgent32.exe, PERF WARNING: FindAllDescendents: took 2103 ms. Expected it to take maximum 500 ms.
W, 6988, 18, 2012/10/19, 00:14:29.894, 216020878595, QTAgent32.exe, &lt;a class=success&gt;Playback - {12} [SUCCESS] MouseButtonClick - "[MSAA]ControlType='MenuItem' &amp;&amp; Name='Help'"
\0&lt;/a&gt;
W, 6988, 18, 2012/10/19, 00:14:30.147, 216021494811, QTAgent32.exe, &lt;a class=success&gt;Playback - {13} [SUCCESS] MouseButtonClick - "[MSAA, VisibleOnly]ControlType='Button' &amp;&amp; Name='OK'"
\0&lt;/a&gt;
W, 6988, 18, 2012/10/19, 00:14:30.252, 216021749149, QTAgent32.exe, FindScreenElementInSinglePass : Attempting to find control in one pass of search. Failures can occur.
W, 6988, 18, 2012/10/19, 00:14:31.269, 216024223998, QTAgent32.exe, Playback - [WARNING] Internal warning:Search failure: [MSAA, VisibleOnly]ControlType='MenuBar' | [MSAA]ControlType='MenuItem' &amp;&amp; Name='File' | Performed (2) search retries, UI element not found
\0
E, 6988, 18, 2012/10/19, 00:14:31.269, 216024224572, QTAgent32.exe, &lt;a class=failure&gt;Playback - {14} [FAILED] Function ElementFetcher::FindScreenElement failed to locate UI element (Searching: ;[MSAA, VisibleOnly]ControlType='MenuBar';[MSAA]ControlType='MenuItem' &amp;&amp; Name='File';[MSAA]ControlType='MenuItem' &amp;&amp; Name='New') (The object specified was not found.)
\0&lt;/a&gt;
E, 6988, 18, 2012/10/19, 00:14:31.371, 216024474297, QTAgent32.exe, Playback - [IMAGE] C:\Users\Weston\AppData\Local\Temp\UITestLogs\LastRun\RPF7E2F.png
\0
W, 6988, 18, 2012/10/19, 00:14:31.372, 216024474726, QTAgent32.exe, Playback - [WARNING] Internal warning: Couldn't find descendants that match QueryId
\0
W, 6988, 18, 2012/10/19, 00:14:31.372, 216024475307, QTAgent32.exe, PERF WARNING: FindAllDescendents: took 1114 ms. Expected it to take maximum 500 ms.
W, 6988, 18, 2012/10/19, 00:14:31.372, 216024475646, QTAgent32.exe, FindScreenElementInSinglePass : Attempting to find control in one pass of search. Failures can occur.
W, 6988, 18, 2012/10/19, 00:14:31.381, 216024498058, QTAgent32.exe, FindScreenElementInSinglePass : Attempting to find control in one pass of search. Failures can occur.
W, 6988, 18, 2012/10/19, 00:14:31.894, 216025745262, QTAgent32.exe, Playback - [WARNING] Internal warning: Target element "[MSAA]ControlType='MenuItem' &amp;&amp; Name='File'" was not found, so all intermediate elements were ignored. An incorrect element that matches target element Id can be found as the result.  Verify that all intermediate elements in QueryId have valid and unique Ids
\0
W, 6988, 18, 2012/10/19, 00:14:33.404, 216029420668, QTAgent32.exe, Playback - [WARNING] Internal warning:Search failure: [MSAA]ControlType='MenuItem' &amp;&amp; Name='File' | Performed (2) search retries, UI element not found
\0
E, 6988, 18, 2012/10/19, 00:14:33.404, 216029421068, QTAgent32.exe, &lt;a class=failure&gt;Playback - {15} [FAILED] Function ElementFetcher::FindScreenElement failed to locate UI element (Searching: ;[MSAA]ControlType='MenuItem' &amp;&amp; Name='File') (The object specified was not found.)
\0&lt;/a&gt;
E, 6988, 18, 2012/10/19, 00:14:33.519, 216029700311, QTAgent32.exe, Playback - [IMAGE] C:\Users\Weston\AppData\Local\Temp\UITestLogs\LastRun\RPF867A.png
\0
W, 6988, 18, 2012/10/19, 00:14:33.519, 216029700729, QTAgent32.exe, Playback - [WARNING] Internal warning: Couldn't find descendants that match QueryId
\0
W, 6988, 18, 2012/10/19, 00:14:33.519, 216029701240, QTAgent32.exe, PERF WARNING: FindAllDescendents: took 2133 ms. Expected it to take maximum 500 ms.
W, 6988, 18, 2012/10/19, 00:14:35.042, 216033406295, QTAgent32.exe, Playback - [WARNING] Internal warning: Target element "[MSAA]ControlType='MenuItem' &amp;&amp; Name='File'" was not found, so all intermediate elements were ignored. An incorrect element that matches target element Id can be found as the result.  Verify that all intermediate elements in QueryId have valid and unique Ids
\0
W, 6988, 18, 2012/10/19, 00:14:35.584, 216034726276, QTAgent32.exe, Playback - [WARNING] Internal warning: 2 UI elements have the same ElementIds.  Use "Instance = 'n'" to avoid this warning for: [MSAA, VisibleOnly]ControlType='MenuBar'
\0
W, 6988, 18, 2012/10/19, 00:14:35.619, 216034811016, QTAgent32.exe, PERF WARNING: FindAllDescendents: took 2094 ms. Expected it to take maximum 500 ms.
W, 6988, 18, 2012/10/19, 00:14:35.758, 216035149320, QTAgent32.exe, &lt;a class=success&gt;Playback - {16} [SUCCESS] LeftButtonClick  &lt; Mouse cursor location (185, 218) &gt;
\0&lt;/a&gt;
W, 6988, 18, 2012/10/19, 00:14:35.872, 216035426861, QTAgent32.exe, &lt;a class=success&gt;Playback - {17} [SUCCESS] LeftButtonClick - "[MSAA]ControlType='MenuItem' &amp;&amp; Name='File'"  &lt; Mouse cursor location (207, 218) &gt;
\0&lt;/a&gt;
W, 6988, 18, 2012/10/19, 00:14:36.057, 216035876682, QTAgent32.exe, &lt;a class=success&gt;Playback - {18} [SUCCESS] MouseButtonClick - "[MSAA]ControlType='MenuItem' &amp;&amp; Name='New'"
\0&lt;/a&gt;
W, 6988, 18, 2012/10/19, 00:14:36.168, 216036148460, QTAgent32.exe, FindNTopWindows : Search will be continued for 12000 even on failure
W, 6988, 18, 2012/10/19, 00:14:36.235, 216036309384, QTAgent32.exe, FindScreenElementInSinglePass : Attempting to find control in one pass of search. Failures can occur.
W, 6988, 18, 2012/10/19, 00:14:37.254, 216038789395, QTAgent32.exe, Playback - [WARNING] Internal warning:Search failure: [MSAA, VisibleOnly]ControlType='MenuBar' | [MSAA]ControlType='MenuItem' &amp;&amp; Name='File' | Performed (2) search retries, UI element not found
\0
E, 6988, 18, 2012/10/19, 00:14:37.254, 216038789932, QTAgent32.exe, &lt;a class=failure&gt;Playback - {19} [FAILED] Function ElementFetcher::FindScreenElement failed to locate UI element (Searching: ;[MSAA, VisibleOnly]ControlType='MenuBar';[MSAA]ControlType='MenuItem' &amp;&amp; Name='File';[MSAA]ControlType='MenuItem' &amp;&amp; Name='Close') (The object specified was not found.)
\0&lt;/a&gt;
E, 6988, 18, 2012/10/19, 00:14:37.351, 216039025647, QTAgent32.exe, Playback - [IMAGE] C:\Users\Weston\AppData\Local\Temp\UITestLogs\LastRun\RPF9588.png
\0
W, 6988, 18, 2012/10/19, 00:14:37.351, 216039026067, QTAgent32.exe, Playback - [WARNING] Internal warning: Couldn't find descendants that match QueryId
\0
W, 6988, 18, 2012/10/19, 00:14:37.351, 216039026572, QTAgent32.exe, PERF WARNING: FindAllDescendents: took 1111 ms. Expected it to take maximum 500 ms.
W, 6988, 18, 2012/10/19, 00:14:37.351, 216039026891, QTAgent32.exe, FindScreenElementInSinglePass : Attempting to find control in one pass of search. Failures can occur.
W, 6988, 18, 2012/10/19, 00:14:37.360, 216039048749, QTAgent32.exe, FindScreenElementInSinglePass : Attempting to find control in one pass of search. Failures can occur.
W, 6988, 18, 2012/10/19, 00:14:37.873, 216040296052, QTAgent32.exe, Playback - [WARNING] Internal warning: Target element "[MSAA]ControlType='MenuItem' &amp;&amp; Name='File'" was not found, so all intermediate elements were ignored. An incorrect element that matches target element Id can be found as the result.  Verify that all intermediate elements in QueryId have valid and unique Ids
\0
W, 6988, 18, 2012/10/19, 00:14:39.383, 216043971655, QTAgent32.exe, Playback - [WARNING] Internal warning:Search failure: [MSAA]ControlType='MenuItem' &amp;&amp; Name='File' | Performed (2) search retries, UI element not found
\0
E, 6988, 18, 2012/10/19, 00:14:39.383, 216043972060, QTAgent32.exe, &lt;a class=failure&gt;Playback - {20} [FAILED] Function ElementFetcher::FindScreenElement failed to locate UI element (Searching: ;[MSAA]ControlType='MenuItem' &amp;&amp; Name='File') (The object specified was not found.)
\0&lt;/a&gt;
E, 6988, 18, 2012/10/19, 00:14:39.481, 216044210084, QTAgent32.exe, Playback - [IMAGE] C:\Users\Weston\AppData\Local\Temp\UITestLogs\LastRun\RPF9DE2.png
\0
W, 6988, 18, 2012/10/19, 00:14:39.481, 216044210503, QTAgent32.exe, Playback - [WARNING] Internal warning: Couldn't find descendants that match QueryId
\0
W, 6988, 18, 2012/10/19, 00:14:39.481, 216044211000, QTAgent32.exe, PERF WARNING: FindAllDescendents: took 2116 ms. Expected it to take maximum 500 ms.
W, 6988, 18, 2012/10/19, 00:14:41.006, 216047921103, QTAgent32.exe, Playback - [WARNING] Internal warning: Target element "[MSAA]ControlType='MenuItem' &amp;&amp; Name='File'" was not found, so all intermediate elements were ignored. An incorrect element that matches target element Id can be found as the result.  Verify that all intermediate elements in QueryId have valid and unique Ids
\0
W, 6988, 18, 2012/10/19, 00:14:41.551, 216049246678, QTAgent32.exe, Playback - [WARNING] Internal warning: 2 UI elements have the same ElementIds.  Use "Instance = 'n'" to avoid this warning for: [MSAA, VisibleOnly]ControlType='MenuBar'
\0
W, 6988, 18, 2012/10/19, 00:14:41.586, 216049332419, QTAgent32.exe, PERF WARNING: FindAllDescendents: took 2099 ms. Expected it to take maximum 500 ms.
W, 6988, 18, 2012/10/19, 00:14:41.716, 216049649143, QTAgent32.exe, &lt;a class=success&gt;Playback - {21} [SUCCESS] LeftButtonClick  &lt; Mouse cursor location (210, 243) &gt;
\0&lt;/a&gt;
W, 6988, 18, 2012/10/19, 00:14:41.831, 216049929115, QTAgent32.exe, &lt;a class=success&gt;Playback - {22} [SUCCESS] LeftButtonClick - "[MSAA]ControlType='MenuItem' &amp;&amp; Name='File'"  &lt; Mouse cursor location (232, 243) &gt;
\0&lt;/a&gt;
W, 6988, 18, 2012/10/19, 00:14:42.016, 216050378762, QTAgent32.exe, &lt;a class=success&gt;Playback - {23} [SUCCESS] MouseButtonClick - "[MSAA]ControlType='MenuItem' &amp;&amp; Name='Close'"
\0&lt;/a&gt;
W, 6988, 18, 2012/10/19, 00:14:42.118, 216050627203, QTAgent32.exe, FindScreenElementInSinglePass : Attempting to find control in one pass of search. Failures can occur.
W, 6988, 18, 2012/10/19, 00:14:43.137, 216053106470, QTAgent32.exe, Playback - [WARNING] Internal warning:Search failure: [MSAA, VisibleOnly]ControlType='MenuBar' | [MSAA]ControlType='MenuItem' &amp;&amp; Name='File' | Performed (2) search retries, UI element not found
\0
E, 6988, 18, 2012/10/19, 00:14:43.137, 216053107025, QTAgent32.exe, &lt;a class=failure&gt;Playback - {24} [FAILED] Function ElementFetcher::FindScreenElement failed to locate UI element (Searching: ;[MSAA, VisibleOnly]ControlType='MenuBar';[MSAA]ControlType='MenuItem' &amp;&amp; Name='File';[MSAA]ControlType='MenuItem' &amp;&amp; Name='Close') (The object specified was not found.)
\0&lt;/a&gt;
E, 6988, 18, 2012/10/19, 00:14:43.243, 216053365907, QTAgent32.exe, Playback - [IMAGE] C:\Users\Weston\AppData\Local\Temp\UITestLogs\LastRun\RPFAC83.png
\0
W, 6988, 18, 2012/10/19, 00:14:43.243, 216053366323, QTAgent32.exe, Playback - [WARNING] Internal warning: Couldn't find descendants that match QueryId
\0
W, 6988, 18, 2012/10/19, 00:14:43.244, 216053366829, QTAgent32.exe, PERF WARNING: FindAllDescendents: took 1118 ms. Expected it to take maximum 500 ms.
W, 6988, 18, 2012/10/19, 00:14:43.244, 216053367165, QTAgent32.exe, FindScreenElementInSinglePass : Attempting to find control in one pass of search. Failures can occur.
W, 6988, 18, 2012/10/19, 00:14:43.253, 216053388939, QTAgent32.exe, FindScreenElementInSinglePass : Attempting to find control in one pass of search. Failures can occur.
W, 6988, 18, 2012/10/19, 00:14:43.765, 216054635057, QTAgent32.exe, Playback - [WARNING] Internal warning: Target element "[MSAA]ControlType='MenuItem' &amp;&amp; Name='File'" was not found, so all intermediate elements were ignored. An incorrect element that matches target element Id can be found as the result.  Verify that all intermediate elements in QueryId have valid and unique Ids
\0
W, 6988, 18, 2012/10/19, 00:14:45.282, 216058324941, QTAgent32.exe, Playback - [WARNING] Internal warning:Search failure: [MSAA]ControlType='MenuItem' &amp;&amp; Name='File' | Performed (2) search retries, UI element not found
\0
E, 6988, 18, 2012/10/19, 00:14:45.282, 216058325342, QTAgent32.exe, &lt;a class=failure&gt;Playback - {25} [FAILED] Function ElementFetcher::FindScreenElement failed to locate UI element (Searching: ;[MSAA]ControlType='MenuItem' &amp;&amp; Name='File') (The object specified was not found.)
\0&lt;/a&gt;
E, 6988, 18, 2012/10/19, 00:14:45.406, 216058627415, QTAgent32.exe, Playback - [IMAGE] C:\Users\Weston\AppData\Local\Temp\UITestLogs\LastRun\RPFB4ED.png
\0
W, 6988, 18, 2012/10/19, 00:14:45.406, 216058627839, QTAgent32.exe, Playback - [WARNING] Internal warning: Couldn't find descendants that match QueryId
\0
W, 6988, 18, 2012/10/19, 00:14:45.407, 216058628381, QTAgent32.exe, PERF WARNING: FindAllDescendents: took 2148 ms. Expected it to take maximum 500 ms.
W, 6988, 18, 2012/10/19, 00:14:46.931, 216062337398, QTAgent32.exe, Playback - [WARNING] Internal warning: Target element "[MSAA]ControlType='MenuItem' &amp;&amp; Name='File'" was not found, so all intermediate elements were ignored. An incorrect element that matches target element Id can be found as the result.  Verify that all intermediate elements in QueryId have valid and unique Ids
\0
W, 6988, 18, 2012/10/19, 00:14:47.473, 216063657022, QTAgent32.exe, Playback - [WARNING] Internal warning: 2 UI elements have the same ElementIds.  Use "Instance = 'n'" to avoid this warning for: [MSAA, VisibleOnly]ControlType='MenuBar'
\0
W, 6988, 18, 2012/10/19, 00:14:47.508, 216063743421, QTAgent32.exe, PERF WARNING: FindAllDescendents: took 2096 ms. Expected it to take maximum 500 ms.
W, 6988, 18, 2012/10/19, 00:14:47.644, 216064072981, QTAgent32.exe, &lt;a class=success&gt;Playback - {26} [SUCCESS] LeftButtonClick  &lt; Mouse cursor location (185, 218) &gt;
\0&lt;/a&gt;
W, 6988, 18, 2012/10/19, 00:14:47.757, 216064348249, QTAgent32.exe, &lt;a class=success&gt;Playback - {27} [SUCCESS] LeftButtonClick - "[MSAA]ControlType='MenuItem' &amp;&amp; Name='File'"  &lt; Mouse cursor location (207, 218) &gt;
\0&lt;/a&gt;
W, 6988, 18, 2012/10/19, 00:14:47.943, 216064800660, QTAgent32.exe, &lt;a class=success&gt;Playback - {28} [SUCCESS] MouseButtonClick - "[MSAA]ControlType='MenuItem' &amp;&amp; Name='Close'"
\0&lt;/a&gt;
W, 6988, 18, 2012/10/19, 00:14:48.178, 216065373172, QTAgent32.exe, &lt;a class=success&gt;Playback - {29} [SUCCESS] MouseButtonClick - "[MSAA, VisibleOnly]ControlType='Button' &amp;&amp; Name='No'"
\0&lt;/a&gt;
W, 6988, 18, 2012/10/19, 00:14:49.812, 216069349061, QTAgent32.exe, Playback - [WARNING] Internal warning: Target element "[MSAA]ControlType='MenuItem' &amp;&amp; Name='File'" was not found, so all intermediate elements were ignored. An incorrect element that matches target element Id can be found as the result.  Verify that all intermediate elements in QueryId have valid and unique Ids
\0
W, 6988, 18, 2012/10/19, 00:14:50.354, 216070668313, QTAgent32.exe, Playback - [WARNING] Internal warning: 2 UI elements have the same ElementIds.  Use "Instance = 'n'" to avoid this warning for: [MSAA, VisibleOnly]ControlType='MenuBar'
\0
W, 6988, 18, 2012/10/19, 00:14:50.389, 216070753897, QTAgent32.exe, PERF WARNING: FindAllDescendents: took 2095 ms. Expected it to take maximum 500 ms.
W, 6988, 18, 2012/10/19, 00:14:50.520, 216071073042, QTAgent32.exe, &lt;a class=success&gt;Playback - {30} [SUCCESS] MouseButtonClick - "[MSAA]ControlType='MenuItem' &amp;&amp; Name='File'"
\0&lt;/a&gt;
W, 6988, 18, 2012/10/19, 00:14:50.626, 216071330889, QTAgent32.exe, FindScreenElementInSinglePass : Attempting to find control in one pass of search. Failures can occur.
W, 6988, 18, 2012/10/19, 00:14:51.643, 216073804432, QTAgent32.exe, Playback - [WARNING] Internal warning:Search failure: [MSAA, VisibleOnly]ControlType='MenuBar' | [MSAA]ControlType='MenuItem' &amp;&amp; Name='File' | Performed (2) search retries, UI element not found
\0
E, 6988, 18, 2012/10/19, 00:14:51.643, 216073804934, QTAgent32.exe, &lt;a class=failure&gt;Playback - {31} [FAILED] Function ElementFetcher::FindScreenElement failed to locate UI element (Searching: ;[MSAA, VisibleOnly]ControlType='MenuBar';[MSAA]ControlType='MenuItem' &amp;&amp; Name='File';[MSAA]ControlType='MenuItem' &amp;&amp; Name='Open') (The object specified was not found.)
\0&lt;/a&gt;
E, 6988, 18, 2012/10/19, 00:14:51.753, 216074072179, QTAgent32.exe, Playback - [IMAGE] C:\Users\Weston\AppData\Local\Temp\UITestLogs\LastRun\RPFCDCB.png
\0
W, 6988, 18, 2012/10/19, 00:14:51.753, 216074072589, QTAgent32.exe, Playback - [WARNING] Internal warning: Couldn't find descendants that match QueryId
\0
W, 6988, 18, 2012/10/19, 00:14:51.753, 216074073086, QTAgent32.exe, PERF WARNING: FindAllDescendents: took 1122 ms. Expected it to take maximum 500 ms.
W, 6988, 18, 2012/10/19, 00:14:51.753, 216074073442, QTAgent32.exe, FindScreenElementInSinglePass : Attempting to find control in one pass of search. Failures can occur.
W, 6988, 18, 2012/10/19, 00:14:51.762, 216074094593, QTAgent32.exe, FindScreenElementInSinglePass : Attempting to find control in one pass of search. Failures can occur.
W, 6988, 18, 2012/10/19, 00:14:52.274, 216075340603, QTAgent32.exe, Playback - [WARNING] Internal warning: Target element "[MSAA]ControlType='MenuItem' &amp;&amp; Name='File'" was not found, so all intermediate elements were ignored. An incorrect element that matches target element Id can be found as the result.  Verify that all intermediate elements in QueryId have valid and unique Ids
\0
W, 6988, 18, 2012/10/19, 00:14:53.784, 216079015982, QTAgent32.exe, Playback - [WARNING] Internal warning:Search failure: [MSAA]ControlType='MenuItem' &amp;&amp; Name='File' | Performed (2) search retries, UI element not found
\0
E, 6988, 18, 2012/10/19, 00:14:53.784, 216079016391, QTAgent32.exe, &lt;a class=failure&gt;Playback - {32} [FAILED] Function ElementFetcher::FindScreenElement failed to locate UI element (Searching: ;[MSAA]ControlType='MenuItem' &amp;&amp; Name='File') (The object specified was not found.)
\0&lt;/a&gt;
E, 6988, 18, 2012/10/19, 00:14:53.899, 216079295878, QTAgent32.exe, Playback - [IMAGE] C:\Users\Weston\AppData\Local\Temp\UITestLogs\LastRun\RPFD625.png
\0
W, 6988, 18, 2012/10/19, 00:14:53.899, 216079296303, QTAgent32.exe, Playback - [WARNING] Internal warning: Couldn't find descendants that match QueryId
\0
W, 6988, 18, 2012/10/19, 00:14:53.899, 216079296790, QTAgent32.exe, PERF WARNING: FindAllDescendents: took 2132 ms. Expected it to take maximum 500 ms.
W, 6988, 18, 2012/10/19, 00:14:55.424, 216083007138, QTAgent32.exe, Playback - [WARNING] Internal warning: Target element "[MSAA]ControlType='MenuItem' &amp;&amp; Name='File'" was not found, so all intermediate elements were ignored. An incorrect element that matches target element Id can be found as the result.  Verify that all intermediate elements in QueryId have valid and unique Ids
\0
W, 6988, 18, 2012/10/19, 00:14:55.973, 216084344042, QTAgent32.exe, Playback - [WARNING] Internal warning: 2 UI elements have the same ElementIds.  Use "Instance = 'n'" to avoid this warning for: [MSAA, VisibleOnly]ControlType='MenuBar'
\0
W, 6988, 18, 2012/10/19, 00:14:56.008, 216084429287, QTAgent32.exe, PERF WARNING: FindAllDescendents: took 2103 ms. Expected it to take maximum 500 ms.
W, 6988, 18, 2012/10/19, 00:14:56.140, 216084750375, QTAgent32.exe, &lt;a class=success&gt;Playback - {33} [SUCCESS] LeftButtonClick  &lt; Mouse cursor location (185, 218) &gt;
\0&lt;/a&gt;
W, 6988, 18, 2012/10/19, 00:14:56.253, 216085024590, QTAgent32.exe, &lt;a class=success&gt;Playback - {34} [SUCCESS] LeftButtonClick - "[MSAA]ControlType='MenuItem' &amp;&amp; Name='File'"  &lt; Mouse cursor location (207, 218) &gt;
\0&lt;/a&gt;
W, 6988, 18, 2012/10/19, 00:14:56.436, 216085469975, QTAgent32.exe, &lt;a class=success&gt;Playback - {35} [SUCCESS] MouseButtonClick - "[MSAA]ControlType='MenuItem' &amp;&amp; Name='Open'"
\0&lt;/a&gt;
E, 6988, 18, 2012/10/19, 00:14:56.779, 216086304953, QTAgent32.exe, Exception: System.ArgumentException
	Message: Value does not fall within the expected range.
	Stack Trace:    at Accessibility.IAccessible.get_accRole(Object varChild)
   at Microsoft.VisualStudio.TestTools.UITest.Extension.Msaa.AccWrapper.get_RoleInt()
	BaseExceptionMessage: Value does not fall within the expected range.

E, 6988, 18, 2012/10/19, 00:14:56.786, 216086322915, QTAgent32.exe, Exception: System.ArgumentException
	Message: Value does not fall within the expected range.
	Stack Trace:    at Accessibility.IAccessible.get_accRole(Object varChild)
   at Microsoft.VisualStudio.TestTools.UITest.Extension.Msaa.AccWrapper.get_RoleInt()
	BaseExceptionMessage: Value does not fall within the expected range.

W, 6988, 18, 2012/10/19, 00:14:57.229, 216087399930, QTAgent32.exe, &lt;a class=success&gt;Playback - {36} [SUCCESS] LeftButtonClick  &lt; Mouse cursor location (389, 620) &gt;
\0&lt;/a&gt;
W, 6988, 18, 2012/10/19, 00:14:57.747, 216088659444, QTAgent32.exe, &lt;a class=success&gt;Playback - {37} [SUCCESS] SetValueAsEditBox "test.ss"  &lt; Set via SendKeys &gt;
\0&lt;/a&gt;
W, 6988, 18, 2012/10/19, 00:14:57.747, 216088659761, QTAgent32.exe, &lt;a class=success&gt;Playback - {38} [SUCCESS] SetValueAsComboBox "test.ss" - "[MSAA, VisibleOnly]ControlType='ComboBox' &amp;&amp; Name='File name:'"  &lt; Set via SetValueAsEditBox &gt;
\0&lt;/a&gt;
W, 6988, 18, 2012/10/19, 00:14:57.998, 216089272103, QTAgent32.exe, &lt;a class=success&gt;Playback - {39} [SUCCESS] MouseButtonClick - "[MSAA, VisibleOnly]ControlType='SplitButton' &amp;&amp; Name='Open'"
\0&lt;/a&gt;
W, 6988, 18, 2012/10/19, 00:14:58.099, 216089517016, QTAgent32.exe, FindNTopWindows : Search will be continued for 12000 even on failure
W, 6988, 18, 2012/10/19, 00:14:59.762, 216093564544, QTAgent32.exe, Playback - [WARNING] Internal warning: Window Not Found: [MSAA, VisibleOnly,Window]ControlType='Window' &amp;&amp; Name='Test' &amp;&amp; ClassName=&gt;'WindowsForms10.EDIT'
\0
E, 6988, 18, 2012/10/19, 00:14:59.762, 216093564951, QTAgent32.exe, &lt;a class=failure&gt;Playback - {40} [FAILED] Function ElementFetcher::FindScreenElement failed to locate UI element (Searching: ;[MSAA, VisibleOnly,Window]ControlType='Window' &amp;&amp; Name='Test' &amp;&amp; ClassName=&gt;'WindowsForms10.EDIT';[MSAA, VisibleOnly]ControlType='Edit') (The object specified was not found.)
\0&lt;/a&gt;
E, 6988, 18, 2012/10/19, 00:14:59.916, 216093938795, QTAgent32.exe, Playback - [IMAGE] C:\Users\Weston\AppData\Local\Temp\UITestLogs\LastRun\RPFED7D.png
\0
W, 6988, 18, 2012/10/19, 00:14:59.916, 216093939234, QTAgent32.exe, Playback - [WARNING] Internal warning: Couldn't find descendants that match QueryId
\0
W, 6988, 18, 2012/10/19, 00:14:59.916, 216093939747, QTAgent32.exe, PERF WARNING: FindAllDescendents: took 1797 ms. Expected it to take maximum 500 ms.
W, 6988, 18, 2012/10/19, 00:15:00.078, 216094334048, QTAgent32.exe, IEDOM : StopSession of the plugin called before StartSession
W, 6988, 18, 2012/10/19, 00:15:00.078, 216094334276, QTAgent32.exe, UIA : StopSession of the plugin called before StartSession
</DebugTrace>
        <ErrorInfo>
          <Message>Test method CodedUITest.CodedUITest.CodedUITestMethod1 threw exception: 
Microsoft.VisualStudio.TestTools.UITest.Extension.UITestControlNotFoundException: The playback failed to find the control with the given search properties. Additional Details: 
TechnologyName:  'MSAA'
ControlType:  'Edit'
 ---&gt; System.Runtime.InteropServices.COMException: Error HRESULT E_FAIL has been returned from a call to a COM component.</Message>
          <StackTrace>    at Microsoft.VisualStudio.TestTools.UITest.Playback.Engine.IScreenElement.FindAllDescendants(String bstrQueryId, Object&amp; pvarResKeys, Int32 cResKeys, Int32 nMaxDepth)
   at Microsoft.VisualStudio.TestTools.UITest.Playback.ScreenElement.FindAllScreenElement(String queryId, Int32 depth, Boolean singleQueryId, Boolean throwException)
   at Microsoft.VisualStudio.TestTools.UITest.Playback.ScreenElement.FindScreenElement(String queryId, Int32 depth)
   at Microsoft.VisualStudio.TestTools.UITesting.UITestControl.FindFirstDescendant(String queryId, Int32 maxDepth, Int32&amp; timeLeft)
 --- End of inner exception stack trace ---
    at Microsoft.VisualStudio.TestTools.UITesting.Playback.MapControlNotFoundException(COMException ex, IPlaybackContext context)
   at Microsoft.VisualStudio.TestTools.UITesting.Playback.MapAndThrowComException(COMException innerException, IPlaybackContext context)
   at Microsoft.VisualStudio.TestTools.UITesting.Playback.MapAndThrowException(SystemException exception, IPlaybackContext context)
   at Microsoft.VisualStudio.TestTools.UITesting.Playback.MapAndThrowException(SystemException exception, String queryId)
   at Microsoft.VisualStudio.TestTools.UITesting.UITestControl.FindFirstDescendant(String queryId, Int32 maxDepth, Int32&amp; timeLeft)
   at Microsoft.VisualStudio.TestTools.UITesting.SearchHelper.GetElement(Boolean useCache, ISearchArgument searchArg)
   at Microsoft.VisualStudio.TestTools.UITesting.SearchHelper.Search(ISearchArgument searchArg)
   at Microsoft.VisualStudio.TestTools.UITesting.UITestControl.FindInternal()
   at Microsoft.VisualStudio.TestTools.UITesting.UITestControl.Find()
   at Microsoft.VisualStudio.TestTools.UITesting.UITestControl.GetProperty(String propertyName)
   at Microsoft.VisualStudio.TestTools.UITesting.WinControls.WinEdit.get_Text()
   at CodedUITest.UIMap.AssertMethod9() in C:\Users\Weston\Documents\Visual Studio 2010\Projects\PS6\CodedUITest\UIMap.Designer.cs:line 611
   at CodedUITest.CodedUITest.CodedUITestMethod1() in C:\Users\Weston\Documents\Visual Studio 2010\Projects\PS6\CodedUITest\CodedUITest.cs:line 49
</StackTrace>
        </ErrorInfo>
      </Output>
      <ResultFiles>
        <ResultFile path="THIGH-MASTER\CodedUITestMethod1.png" />
      </ResultFiles>
      <ExtensionResult>Exception has been thrown by the target of an invocation.</ExtensionResult>
    </UnitTestResult>
  </Results>
</TestRun>