<?xml version="1.0" encoding="UTF-8"?>
<TestRun id="4c0cce26-058f-472d-b79d-82e35cd6f1cb" name="Weston@THIGH-MASTER 2012-10-19 01:16:53" runUser="Thigh-Master\Weston" xmlns="http://microsoft.com/schemas/VisualStudio/TeamTest/2010">
  <TestSettings name="Local" id="5c5780c2-f12c-40a7-a531-d333c42774f3">
    <Description>These are default test settings for a local test run.</Description>
    <Deployment userDeploymentRoot="C:\Users\Weston\Documents\Visual Studio 2010\Projects\PS6\TestResults" useDefaultDeploymentRoot="false" runDeploymentRoot="Weston_THIGH-MASTER 2012-10-19 01_16_53" />
    <Execution>
      <TestTypeSpecific>
        <UnitTestRunConfig testTypeId="13cdc9d9-ddb5-4fa4-a97d-d965ccfc6d4b">
          <AssemblyResolution>
            <TestDirectory useLoadContext="true" />
          </AssemblyResolution>
        </UnitTestRunConfig>
        <WebTestRunConfiguration testTypeId="4e7599fa-5ecb-43e9-a887-cd63cf72d207">
          <Browser name="Internet Explorer 7.0">
            <Headers>
              <Header name="User-Agent" value="Mozilla/4.0 (compatible; MSIE 7.0; Windows NT 5.1)" />
              <Header name="Accept" value="*/*" />
              <Header name="Accept-Language" value="{{$IEAcceptLanguage}}" />
              <Header name="Accept-Encoding" value="GZIP" />
            </Headers>
          </Browser>
        </WebTestRunConfiguration>
      </TestTypeSpecific>
      <AgentRule name="LocalMachineDefaultRole">
      </AgentRule>
    </Execution>
  </TestSettings>
  <Times creation="2012-10-19T01:16:53.1742761-06:00" queuing="2012-10-19T01:16:53.2442801-06:00" start="2012-10-19T01:16:53.2592809-06:00" finish="2012-10-19T01:16:53.6643041-06:00" />
  <ResultSummary outcome="Failed">
    <Counters total="1" executed="1" error="0" failed="1" timeout="0" aborted="0" inconclusive="0" passedButRunAborted="0" notRunnable="0" notExecuted="0" disconnected="0" warning="0" passed="0" completed="0" inProgress="0" pending="0" />
  </ResultSummary>
  <TestDefinitions>
    <UnitTest name="CodedUITestMethod1" storage="c:\users\weston\documents\visual studio 2010\projects\ps6\codeduitest\bin\debug\codeduitest.dll" id="152faad7-080b-7cab-1f47-a8577e18926c">
      <Execution id="bcd746ee-c91f-41eb-8f68-99a9893eda00" />
      <TestMethod codeBase="C:/Users/Weston/Documents/Visual Studio 2010/Projects/PS6/CodedUITest/bin/Debug/CodedUITest.DLL" adapterTypeName="Microsoft.VisualStudio.TestTools.TestTypes.Unit.UnitTestAdapter, Microsoft.VisualStudio.QualityTools.Tips.UnitTest.Adapter, Version=10.0.0.0, Culture=neutral, PublicKeyToken=b03f5f7f11d50a3a" className="CodedUITest.CodedUITest, CodedUITest, Version=1.0.0.0, Culture=neutral, PublicKeyToken=null" name="CodedUITestMethod1" />
      <Extension>Microsoft.VisualStudio.TestTools.UITesting.CodedUITestAttribute, Microsoft.VisualStudio.QualityTools.CodedUITestFramework, Version=10.0.0.0, Culture=neutral, PublicKeyToken=b03f5f7f11d50a3a</Extension>
    </UnitTest>
  </TestDefinitions>
  <TestLists>
    <TestList name="Results Not in a List" id="8c84fa94-04c1-424b-9868-57a2d4851a1d" />
    <TestList name="All Loaded Results" id="19431567-8539-422a-85d7-44ee4e166bda" />
  </TestLists>
  <TestEntries>
    <TestEntry testId="152faad7-080b-7cab-1f47-a8577e18926c" executionId="bcd746ee-c91f-41eb-8f68-99a9893eda00" testListId="8c84fa94-04c1-424b-9868-57a2d4851a1d" />
  </TestEntries>
  <Results>
    <UnitTestResult executionId="bcd746ee-c91f-41eb-8f68-99a9893eda00" testId="152faad7-080b-7cab-1f47-a8577e18926c" testName="CodedUITestMethod1" computerName="THIGH-MASTER" duration="00:00:00.1722976" startTime="2012-10-19T01:16:53.2602810-06:00" endTime="2012-10-19T01:16:53.6463031-06:00" testType="13cdc9d9-ddb5-4fa4-a97d-d965ccfc6d4b" outcome="Failed" testListId="8c84fa94-04c1-424b-9868-57a2d4851a1d" relativeResultsDirectory="bcd746ee-c91f-41eb-8f68-99a9893eda00">
      <Output>
        <DebugTrace>W, 6988, 106, 2012/10/19, 01:16:53.614, 225131229508, QTAgent32.exe, Playback - [WARNING] Internal warning: Playback engine is already initialized and SkipStepThreadEvent has been created. Cannot change the name of event after its is created.
\0
</DebugTrace>
        <ErrorInfo>
          <Message>Error calling Initialization method for test class CodedUITest.CodedUITest: System.Runtime.InteropServices.COMException: Error HRESULT E_FAIL has been returned from a call to a COM component.</Message>
          <StackTrace>    at Microsoft.VisualStudio.TestTools.UITest.Playback.Engine.IRPFPlayback.SetSkipStepEventName(String skipStepEventName)
   at Microsoft.VisualStudio.TestTools.UITest.Playback.ScreenElement.InitPlayback()
   at Microsoft.VisualStudio.TestTools.UITesting.Playback.Initialize()
</StackTrace>
        </ErrorInfo>
      </Output>
    </UnitTestResult>
  </Results>
</TestRun>