<?xml version="1.0" encoding="UTF-8"?>
<TestRun id="c91ef58d-22f0-4a72-ac56-03a0bb7b2ca8" name="Weston@THIGH-MASTER 2012-10-19 00:10:01" runUser="Thigh-Master\Weston" xmlns="http://microsoft.com/schemas/VisualStudio/TeamTest/2010">
  <TestSettings name="Local" id="5c5780c2-f12c-40a7-a531-d333c42774f3">
    <Description>These are default test settings for a local test run.</Description>
    <Deployment userDeploymentRoot="C:\Users\Weston\Documents\Visual Studio 2010\Projects\PS6\TestResults" useDefaultDeploymentRoot="false" runDeploymentRoot="Weston_THIGH-MASTER 2012-10-19 00_10_01" />
    <Execution>
      <TestTypeSpecific>
        <UnitTestRunConfig testTypeId="13cdc9d9-ddb5-4fa4-a97d-d965ccfc6d4b">
          <AssemblyResolution>
            <TestDirectory useLoadContext="true" />
          </AssemblyResolution>
        </UnitTestRunConfig>
        <WebTestRunConfiguration testTypeId="4e7599fa-5ecb-43e9-a887-cd63cf72d207">
          <Browser name="Internet Explorer 7.0">
            <Headers>
              <Header name="User-Agent" value="Mozilla/4.0 (compatible; MSIE 7.0; Windows NT 5.1)" />
              <Header name="Accept" value="*/*" />
              <Header name="Accept-Language" value="{{$IEAcceptLanguage}}" />
              <Header name="Accept-Encoding" value="GZIP" />
            </Headers>
          </Browser>
        </WebTestRunConfiguration>
      </TestTypeSpecific>
      <AgentRule name="LocalMachineDefaultRole">
      </AgentRule>
    </Execution>
  </TestSettings>
  <Times creation="2012-10-19T00:10:01.1988042-06:00" queuing="2012-10-19T00:10:01.3508129-06:00" start="2012-10-19T00:10:01.3948154-06:00" finish="2012-10-19T00:10:05.3680427-06:00" />
  <ResultSummary outcome="Failed">
    <Counters total="1" executed="1" error="0" failed="1" timeout="0" aborted="0" inconclusive="0" passedButRunAborted="0" notRunnable="0" notExecuted="0" disconnected="0" warning="0" passed="0" completed="0" inProgress="0" pending="0" />
  </ResultSummary>
  <TestDefinitions>
    <UnitTest name="CodedUITestMethod1" storage="c:\users\weston\documents\visual studio 2010\projects\ps6\codeduitest\bin\debug\codeduitest.dll" id="152faad7-080b-7cab-1f47-a8577e18926c">
      <Execution id="a76c0714-c934-445e-8620-dda78bcce4fb" />
      <TestMethod codeBase="C:/Users/Weston/Documents/Visual Studio 2010/Projects/PS6/CodedUITest/bin/Debug/CodedUITest.DLL" adapterTypeName="Microsoft.VisualStudio.TestTools.TestTypes.Unit.UnitTestAdapter, Microsoft.VisualStudio.QualityTools.Tips.UnitTest.Adapter, Version=10.0.0.0, Culture=neutral, PublicKeyToken=b03f5f7f11d50a3a" className="CodedUITest.CodedUITest, CodedUITest, Version=1.0.0.0, Culture=neutral, PublicKeyToken=null" name="CodedUITestMethod1" />
      <Extension>Microsoft.VisualStudio.TestTools.UITesting.CodedUITestAttribute, Microsoft.VisualStudio.QualityTools.CodedUITestFramework, Version=10.0.0.0, Culture=neutral, PublicKeyToken=b03f5f7f11d50a3a</Extension>
    </UnitTest>
  </TestDefinitions>
  <TestLists>
    <TestList name="Results Not in a List" id="8c84fa94-04c1-424b-9868-57a2d4851a1d" />
    <TestList name="All Loaded Results" id="19431567-8539-422a-85d7-44ee4e166bda" />
  </TestLists>
  <TestEntries>
    <TestEntry testId="152faad7-080b-7cab-1f47-a8577e18926c" executionId="a76c0714-c934-445e-8620-dda78bcce4fb" testListId="8c84fa94-04c1-424b-9868-57a2d4851a1d" />
  </TestEntries>
  <Results>
    <UnitTestResult executionId="a76c0714-c934-445e-8620-dda78bcce4fb" testId="152faad7-080b-7cab-1f47-a8577e18926c" testName="CodedUITestMethod1" computerName="THIGH-MASTER" duration="00:00:03.6713329" startTime="2012-10-19T00:10:01.4048160-06:00" endTime="2012-10-19T00:10:05.3430412-06:00" testType="13cdc9d9-ddb5-4fa4-a97d-d965ccfc6d4b" outcome="Failed" testListId="8c84fa94-04c1-424b-9868-57a2d4851a1d" relativeResultsDirectory="a76c0714-c934-445e-8620-dda78bcce4fb">
      <Output>
        <DebugTrace>E, 6988, 14, 2012/10/19, 00:10:02.655, 215370552766, QTAgent32.exe, LoadLibrary() : Unable to find the resource 37382 from assembly C:\Windows\system32\en-US\ieframe.dll.mui: Error1814
E, 6988, 14, 2012/10/19, 00:10:02.656, 215370555318, QTAgent32.exe, LoadLibrary() : Unable to find the resource 41728 from assembly C:\Windows\system32\en-US\ieframe.dll.mui: Error1814
E, 6988, 14, 2012/10/19, 00:10:02.656, 215370555648, QTAgent32.exe, LoadLibrary() : Unable to find the resource 8131 from assembly C:\Windows\system32\en-US\ieframe.dll.mui: Error1814
E, 6988, 14, 2012/10/19, 00:10:02.656, 215370555940, QTAgent32.exe, LoadLibrary() : Unable to find the resource 8131 from assembly C:\Windows\system32\en-US\ieframe.dll.mui: Error1814
E, 6988, 14, 2012/10/19, 00:10:02.656, 215370556425, QTAgent32.exe, LoadLibrary() : Unable to find the resource 8131 from assembly C:\Windows\system32\en-US\ieframe.dll.mui: Error1814
E, 6988, 14, 2012/10/19, 00:10:02.656, 215370557044, QTAgent32.exe, LoadLibrary() : Unable to find the resource 803 from assembly C:\Windows\system32\en-US\user32.dll.mui: Error1814
W, 6988, 14, 2012/10/19, 00:10:02.971, 215371323873, QTAgent32.exe, &lt;a class=success&gt;Playback - {1} [SUCCESS] SetValueAsEditBox "2" - "[MSAA, VisibleOnly]ControlType='Edit'"  &lt; Set via SendKeys &gt;
\0&lt;/a&gt;
W, 6988, 14, 2012/10/19, 00:10:03.229, 215371949574, QTAgent32.exe, &lt;a class=success&gt;Playback - {2} [SUCCESS] SendKeys "{Enter}" - "[MSAA, VisibleOnly]ControlType='Edit'"
\0&lt;/a&gt;
W, 6988, 14, 2012/10/19, 00:10:03.575, 215372792385, QTAgent32.exe, &lt;a class=success&gt;Playback - {3} [SUCCESS] MouseButtonClick - "[MSAA, VisibleOnly]ControlType='Client'"
\0&lt;/a&gt;
W, 6988, 14, 2012/10/19, 00:10:04.161, 215374217929, QTAgent32.exe, &lt;a class=success&gt;Playback - {4} [SUCCESS] SetValueAsEditBox "string yes" - "[MSAA, VisibleOnly]ControlType='Edit'"  &lt; Set via SendKeys &gt;
\0&lt;/a&gt;
W, 6988, 14, 2012/10/19, 00:10:04.410, 215374824754, QTAgent32.exe, &lt;a class=success&gt;Playback - {5} [SUCCESS] SendKeys "{Enter}" - "[MSAA, VisibleOnly]ControlType='Edit'"
\0&lt;/a&gt;
W, 6988, 14, 2012/10/19, 00:10:04.647, 215375398221, QTAgent32.exe, &lt;a class=success&gt;Playback - {6} [SUCCESS] MouseButtonClick - "[MSAA, VisibleOnly]ControlType='Client'"
\0&lt;/a&gt;
W, 6988, 14, 2012/10/19, 00:10:05.083, 215376461154, QTAgent32.exe, &lt;a class=success&gt;Playback - {7} [SUCCESS] SetValueAsEditBox "3+4" - "[MSAA, VisibleOnly]ControlType='Edit'"  &lt; Set via SendKeys &gt;
\0&lt;/a&gt;
W, 6988, 14, 2012/10/19, 00:10:05.323, 215377043910, QTAgent32.exe, IEDOM : StopSession of the plugin called before StartSession
W, 6988, 14, 2012/10/19, 00:10:05.323, 215377044199, QTAgent32.exe, UIA : StopSession of the plugin called before StartSession
</DebugTrace>
        <ErrorInfo>
          <Message>Assert.AreEqual failed. Expected:&lt;7&gt;. Actual:&lt;&gt;. </Message>
          <StackTrace>   at CodedUITest.UIMap.AssertMethod3() in C:\Users\Weston\Documents\Visual Studio 2010\Projects\PS6\CodedUITest\UIMap.Designer.cs:line 402
   at CodedUITest.CodedUITest.CodedUITestMethod1() in C:\Users\Weston\Documents\Visual Studio 2010\Projects\PS6\CodedUITest\CodedUITest.cs:line 37
</StackTrace>
        </ErrorInfo>
      </Output>
      <ResultFiles>
        <ResultFile path="THIGH-MASTER\CodedUITestMethod1.png" />
      </ResultFiles>
      <ExtensionResult>Exception has been thrown by the target of an invocation.</ExtensionResult>
    </UnitTestResult>
  </Results>
</TestRun>